ERROR - 2023-12-02 06:08:10 --> mysqli_sql_exception: Table 'codeignitor1.products' doesn't exist in C:\xampp\htdocs\wdpf55_codignator\codeigniter4-one\system\Database\MySQLi\Connection.php:306
Stack trace:
#0 C:\xampp\htdocs\wdpf55_codignator\codeigniter4-one\system\Database\MySQLi\Connection.php(306): mysqli->query('SELECT *\nFROM `...', 0)
#1 C:\xampp\htdocs\wdpf55_codignator\codeigniter4-one\system\Database\BaseConnection.php(693): CodeIgniter\Database\MySQLi\Connection->execute('SELECT *\nFROM `...')
#2 C:\xampp\htdocs\wdpf55_codignator\codeigniter4-one\system\Database\BaseConnection.php(607): CodeIgniter\Database\BaseConnection->simpleQuery('SELECT *\nFROM `...')
#3 C:\xampp\htdocs\wdpf55_codignator\codeigniter4-one\system\Database\BaseBuilder.php(1615): CodeIgniter\Database\BaseConnection->query('SELECT *\nFROM `...', Array, false)
#4 C:\xampp\htdocs\wdpf55_codignator\codeigniter4-one\system\Model.php(871): CodeIgniter\Database\BaseBuilder->get()
#5 C:\xampp\htdocs\wdpf55_codignator\codeigniter4-one\app\Controllers\ProductController.php(19): CodeIgniter\Model->__call('get', Array)
#6 C:\xampp\htdocs\wdpf55_codignator\codeigniter4-one\system\CodeIgniter.php(942): App\Controllers\ProductController->index()
#7 C:\xampp\htdocs\wdpf55_codignator\codeigniter4-one\system\CodeIgniter.php(502): CodeIgniter\CodeIgniter->runController(Object(App\Controllers\ProductController))
#8 C:\xampp\htdocs\wdpf55_codignator\codeigniter4-one\system\CodeIgniter.php(361): CodeIgniter\CodeIgniter->handleRequest(NULL, Object(Config\Cache), false)
#9 C:\xampp\htdocs\wdpf55_codignator\codeigniter4-one\public\index.php(79): CodeIgniter\CodeIgniter->run()
#10 C:\xampp\htdocs\wdpf55_codignator\codeigniter4-one\system\Commands\Server\rewrite.php(47): require_once('C:\\xampp\\htdocs...')
#11 {main}
CRITICAL - 2023-12-02 06:08:10 --> Table 'codeignitor1.products' doesn't exist
in SYSTEMPATH\Database\BaseConnection.php on line 647.
 1 SYSTEMPATH\Database\BaseBuilder.php(1615): CodeIgniter\Database\BaseConnection->query('SELECT *
FROM `products`', [], false)
 2 SYSTEMPATH\Model.php(871): CodeIgniter\Database\BaseBuilder->get()
 3 APPPATH\Controllers\ProductController.php(19): CodeIgniter\Model->__call('get', [])
 4 SYSTEMPATH\CodeIgniter.php(942): App\Controllers\ProductController->index()
 5 SYSTEMPATH\CodeIgniter.php(502): CodeIgniter\CodeIgniter->runController(Object(App\Controllers\ProductController))
 6 SYSTEMPATH\CodeIgniter.php(361): CodeIgniter\CodeIgniter->handleRequest(null, Object(Config\Cache), false)
 7 FCPATH\index.php(79): CodeIgniter\CodeIgniter->run()
 8 SYSTEMPATH\Commands\Server\rewrite.php(47): require_once('C:\\xampp\\htdocs\\wdpf55_codignator\\codeigniter4-one\\public\\index.php')
ERROR - 2023-12-02 06:08:37 --> mysqli_sql_exception: Table 'codeignitor1.products' doesn't exist in C:\xampp\htdocs\wdpf55_codignator\codeigniter4-one\system\Database\MySQLi\Connection.php:306
Stack trace:
#0 C:\xampp\htdocs\wdpf55_codignator\codeigniter4-one\system\Database\MySQLi\Connection.php(306): mysqli->query('SELECT *\nFROM `...', 0)
#1 C:\xampp\htdocs\wdpf55_codignator\codeigniter4-one\system\Database\BaseConnection.php(693): CodeIgniter\Database\MySQLi\Connection->execute('SELECT *\nFROM `...')
#2 C:\xampp\htdocs\wdpf55_codignator\codeigniter4-one\system\Database\BaseConnection.php(607): CodeIgniter\Database\BaseConnection->simpleQuery('SELECT *\nFROM `...')
#3 C:\xampp\htdocs\wdpf55_codignator\codeigniter4-one\system\Database\BaseBuilder.php(1615): CodeIgniter\Database\BaseConnection->query('SELECT *\nFROM `...', Array, false)
#4 C:\xampp\htdocs\wdpf55_codignator\codeigniter4-one\system\Model.php(871): CodeIgniter\Database\BaseBuilder->get()
#5 C:\xampp\htdocs\wdpf55_codignator\codeigniter4-one\app\Controllers\ProductController.php(19): CodeIgniter\Model->__call('get', Array)
#6 C:\xampp\htdocs\wdpf55_codignator\codeigniter4-one\system\CodeIgniter.php(942): App\Controllers\ProductController->index()
#7 C:\xampp\htdocs\wdpf55_codignator\codeigniter4-one\system\CodeIgniter.php(502): CodeIgniter\CodeIgniter->runController(Object(App\Controllers\ProductController))
#8 C:\xampp\htdocs\wdpf55_codignator\codeigniter4-one\system\CodeIgniter.php(361): CodeIgniter\CodeIgniter->handleRequest(NULL, Object(Config\Cache), false)
#9 C:\xampp\htdocs\wdpf55_codignator\codeigniter4-one\public\index.php(79): CodeIgniter\CodeIgniter->run()
#10 C:\xampp\htdocs\wdpf55_codignator\codeigniter4-one\system\Commands\Server\rewrite.php(47): require_once('C:\\xampp\\htdocs...')
#11 {main}
CRITICAL - 2023-12-02 06:08:37 --> Table 'codeignitor1.products' doesn't exist
in SYSTEMPATH\Database\BaseConnection.php on line 647.
 1 SYSTEMPATH\Database\BaseBuilder.php(1615): CodeIgniter\Database\BaseConnection->query('SELECT *
FROM `products`', [], false)
 2 SYSTEMPATH\Model.php(871): CodeIgniter\Database\BaseBuilder->get()
 3 APPPATH\Controllers\ProductController.php(19): CodeIgniter\Model->__call('get', [])
 4 SYSTEMPATH\CodeIgniter.php(942): App\Controllers\ProductController->index()
 5 SYSTEMPATH\CodeIgniter.php(502): CodeIgniter\CodeIgniter->runController(Object(App\Controllers\ProductController))
 6 SYSTEMPATH\CodeIgniter.php(361): CodeIgniter\CodeIgniter->handleRequest(null, Object(Config\Cache), false)
 7 FCPATH\index.php(79): CodeIgniter\CodeIgniter->run()
 8 SYSTEMPATH\Commands\Server\rewrite.php(47): require_once('C:\\xampp\\htdocs\\wdpf55_codignator\\codeigniter4-one\\public\\index.php')
ERROR - 2023-12-02 06:08:40 --> mysqli_sql_exception: Table 'codeignitor1.products' doesn't exist in C:\xampp\htdocs\wdpf55_codignator\codeigniter4-one\system\Database\MySQLi\Connection.php:306
Stack trace:
#0 C:\xampp\htdocs\wdpf55_codignator\codeigniter4-one\system\Database\MySQLi\Connection.php(306): mysqli->query('SELECT *\nFROM `...', 0)
#1 C:\xampp\htdocs\wdpf55_codignator\codeigniter4-one\system\Database\BaseConnection.php(693): CodeIgniter\Database\MySQLi\Connection->execute('SELECT *\nFROM `...')
#2 C:\xampp\htdocs\wdpf55_codignator\codeigniter4-one\system\Database\BaseConnection.php(607): CodeIgniter\Database\BaseConnection->simpleQuery('SELECT *\nFROM `...')
#3 C:\xampp\htdocs\wdpf55_codignator\codeigniter4-one\system\Database\BaseBuilder.php(1615): CodeIgniter\Database\BaseConnection->query('SELECT *\nFROM `...', Array, false)
#4 C:\xampp\htdocs\wdpf55_codignator\codeigniter4-one\system\Model.php(871): CodeIgniter\Database\BaseBuilder->get()
#5 C:\xampp\htdocs\wdpf55_codignator\codeigniter4-one\app\Controllers\ProductController.php(19): CodeIgniter\Model->__call('get', Array)
#6 C:\xampp\htdocs\wdpf55_codignator\codeigniter4-one\system\CodeIgniter.php(942): App\Controllers\ProductController->index()
#7 C:\xampp\htdocs\wdpf55_codignator\codeigniter4-one\system\CodeIgniter.php(502): CodeIgniter\CodeIgniter->runController(Object(App\Controllers\ProductController))
#8 C:\xampp\htdocs\wdpf55_codignator\codeigniter4-one\system\CodeIgniter.php(361): CodeIgniter\CodeIgniter->handleRequest(NULL, Object(Config\Cache), false)
#9 C:\xampp\htdocs\wdpf55_codignator\codeigniter4-one\public\index.php(79): CodeIgniter\CodeIgniter->run()
#10 C:\xampp\htdocs\wdpf55_codignator\codeigniter4-one\system\Commands\Server\rewrite.php(47): require_once('C:\\xampp\\htdocs...')
#11 {main}
CRITICAL - 2023-12-02 06:08:40 --> Table 'codeignitor1.products' doesn't exist
in SYSTEMPATH\Database\BaseConnection.php on line 647.
 1 SYSTEMPATH\Database\BaseBuilder.php(1615): CodeIgniter\Database\BaseConnection->query('SELECT *
FROM `products`', [], false)
 2 SYSTEMPATH\Model.php(871): CodeIgniter\Database\BaseBuilder->get()
 3 APPPATH\Controllers\ProductController.php(19): CodeIgniter\Model->__call('get', [])
 4 SYSTEMPATH\CodeIgniter.php(942): App\Controllers\ProductController->index()
 5 SYSTEMPATH\CodeIgniter.php(502): CodeIgniter\CodeIgniter->runController(Object(App\Controllers\ProductController))
 6 SYSTEMPATH\CodeIgniter.php(361): CodeIgniter\CodeIgniter->handleRequest(null, Object(Config\Cache), false)
 7 FCPATH\index.php(79): CodeIgniter\CodeIgniter->run()
 8 SYSTEMPATH\Commands\Server\rewrite.php(47): require_once('C:\\xampp\\htdocs\\wdpf55_codignator\\codeigniter4-one\\public\\index.php')
ERROR - 2023-12-02 06:08:40 --> mysqli_sql_exception: Table 'codeignitor1.products' doesn't exist in C:\xampp\htdocs\wdpf55_codignator\codeigniter4-one\system\Database\MySQLi\Connection.php:306
Stack trace:
#0 C:\xampp\htdocs\wdpf55_codignator\codeigniter4-one\system\Database\MySQLi\Connection.php(306): mysqli->query('SELECT *\nFROM `...', 0)
#1 C:\xampp\htdocs\wdpf55_codignator\codeigniter4-one\system\Database\BaseConnection.php(693): CodeIgniter\Database\MySQLi\Connection->execute('SELECT *\nFROM `...')
#2 C:\xampp\htdocs\wdpf55_codignator\codeigniter4-one\system\Database\BaseConnection.php(607): CodeIgniter\Database\BaseConnection->simpleQuery('SELECT *\nFROM `...')
#3 C:\xampp\htdocs\wdpf55_codignator\codeigniter4-one\system\Database\BaseBuilder.php(1615): CodeIgniter\Database\BaseConnection->query('SELECT *\nFROM `...', Array, false)
#4 C:\xampp\htdocs\wdpf55_codignator\codeigniter4-one\system\Model.php(871): CodeIgniter\Database\BaseBuilder->get()
#5 C:\xampp\htdocs\wdpf55_codignator\codeigniter4-one\app\Controllers\ProductController.php(19): CodeIgniter\Model->__call('get', Array)
#6 C:\xampp\htdocs\wdpf55_codignator\codeigniter4-one\system\CodeIgniter.php(942): App\Controllers\ProductController->index()
#7 C:\xampp\htdocs\wdpf55_codignator\codeigniter4-one\system\CodeIgniter.php(502): CodeIgniter\CodeIgniter->runController(Object(App\Controllers\ProductController))
#8 C:\xampp\htdocs\wdpf55_codignator\codeigniter4-one\system\CodeIgniter.php(361): CodeIgniter\CodeIgniter->handleRequest(NULL, Object(Config\Cache), false)
#9 C:\xampp\htdocs\wdpf55_codignator\codeigniter4-one\public\index.php(79): CodeIgniter\CodeIgniter->run()
#10 C:\xampp\htdocs\wdpf55_codignator\codeigniter4-one\system\Commands\Server\rewrite.php(47): require_once('C:\\xampp\\htdocs...')
#11 {main}
CRITICAL - 2023-12-02 06:08:40 --> Table 'codeignitor1.products' doesn't exist
in SYSTEMPATH\Database\BaseConnection.php on line 647.
 1 SYSTEMPATH\Database\BaseBuilder.php(1615): CodeIgniter\Database\BaseConnection->query('SELECT *
FROM `products`', [], false)
 2 SYSTEMPATH\Model.php(871): CodeIgniter\Database\BaseBuilder->get()
 3 APPPATH\Controllers\ProductController.php(19): CodeIgniter\Model->__call('get', [])
 4 SYSTEMPATH\CodeIgniter.php(942): App\Controllers\ProductController->index()
 5 SYSTEMPATH\CodeIgniter.php(502): CodeIgniter\CodeIgniter->runController(Object(App\Controllers\ProductController))
 6 SYSTEMPATH\CodeIgniter.php(361): CodeIgniter\CodeIgniter->handleRequest(null, Object(Config\Cache), false)
 7 FCPATH\index.php(79): CodeIgniter\CodeIgniter->run()
 8 SYSTEMPATH\Commands\Server\rewrite.php(47): require_once('C:\\xampp\\htdocs\\wdpf55_codignator\\codeigniter4-one\\public\\index.php')
ERROR - 2023-12-02 06:08:40 --> mysqli_sql_exception: Table 'codeignitor1.products' doesn't exist in C:\xampp\htdocs\wdpf55_codignator\codeigniter4-one\system\Database\MySQLi\Connection.php:306
Stack trace:
#0 C:\xampp\htdocs\wdpf55_codignator\codeigniter4-one\system\Database\MySQLi\Connection.php(306): mysqli->query('SELECT *\nFROM `...', 0)
#1 C:\xampp\htdocs\wdpf55_codignator\codeigniter4-one\system\Database\BaseConnection.php(693): CodeIgniter\Database\MySQLi\Connection->execute('SELECT *\nFROM `...')
#2 C:\xampp\htdocs\wdpf55_codignator\codeigniter4-one\system\Database\BaseConnection.php(607): CodeIgniter\Database\BaseConnection->simpleQuery('SELECT *\nFROM `...')
#3 C:\xampp\htdocs\wdpf55_codignator\codeigniter4-one\system\Database\BaseBuilder.php(1615): CodeIgniter\Database\BaseConnection->query('SELECT *\nFROM `...', Array, false)
#4 C:\xampp\htdocs\wdpf55_codignator\codeigniter4-one\system\Model.php(871): CodeIgniter\Database\BaseBuilder->get()
#5 C:\xampp\htdocs\wdpf55_codignator\codeigniter4-one\app\Controllers\ProductController.php(19): CodeIgniter\Model->__call('get', Array)
#6 C:\xampp\htdocs\wdpf55_codignator\codeigniter4-one\system\CodeIgniter.php(942): App\Controllers\ProductController->index()
#7 C:\xampp\htdocs\wdpf55_codignator\codeigniter4-one\system\CodeIgniter.php(502): CodeIgniter\CodeIgniter->runController(Object(App\Controllers\ProductController))
#8 C:\xampp\htdocs\wdpf55_codignator\codeigniter4-one\system\CodeIgniter.php(361): CodeIgniter\CodeIgniter->handleRequest(NULL, Object(Config\Cache), false)
#9 C:\xampp\htdocs\wdpf55_codignator\codeigniter4-one\public\index.php(79): CodeIgniter\CodeIgniter->run()
#10 C:\xampp\htdocs\wdpf55_codignator\codeigniter4-one\system\Commands\Server\rewrite.php(47): require_once('C:\\xampp\\htdocs...')
#11 {main}
CRITICAL - 2023-12-02 06:08:40 --> Table 'codeignitor1.products' doesn't exist
in SYSTEMPATH\Database\BaseConnection.php on line 647.
 1 SYSTEMPATH\Database\BaseBuilder.php(1615): CodeIgniter\Database\BaseConnection->query('SELECT *
FROM `products`', [], false)
 2 SYSTEMPATH\Model.php(871): CodeIgniter\Database\BaseBuilder->get()
 3 APPPATH\Controllers\ProductController.php(19): CodeIgniter\Model->__call('get', [])
 4 SYSTEMPATH\CodeIgniter.php(942): App\Controllers\ProductController->index()
 5 SYSTEMPATH\CodeIgniter.php(502): CodeIgniter\CodeIgniter->runController(Object(App\Controllers\ProductController))
 6 SYSTEMPATH\CodeIgniter.php(361): CodeIgniter\CodeIgniter->handleRequest(null, Object(Config\Cache), false)
 7 FCPATH\index.php(79): CodeIgniter\CodeIgniter->run()
 8 SYSTEMPATH\Commands\Server\rewrite.php(47): require_once('C:\\xampp\\htdocs\\wdpf55_codignator\\codeigniter4-one\\public\\index.php')
ERROR - 2023-12-02 06:08:40 --> mysqli_sql_exception: Table 'codeignitor1.products' doesn't exist in C:\xampp\htdocs\wdpf55_codignator\codeigniter4-one\system\Database\MySQLi\Connection.php:306
Stack trace:
#0 C:\xampp\htdocs\wdpf55_codignator\codeigniter4-one\system\Database\MySQLi\Connection.php(306): mysqli->query('SELECT *\nFROM `...', 0)
#1 C:\xampp\htdocs\wdpf55_codignator\codeigniter4-one\system\Database\BaseConnection.php(693): CodeIgniter\Database\MySQLi\Connection->execute('SELECT *\nFROM `...')
#2 C:\xampp\htdocs\wdpf55_codignator\codeigniter4-one\system\Database\BaseConnection.php(607): CodeIgniter\Database\BaseConnection->simpleQuery('SELECT *\nFROM `...')
#3 C:\xampp\htdocs\wdpf55_codignator\codeigniter4-one\system\Database\BaseBuilder.php(1615): CodeIgniter\Database\BaseConnection->query('SELECT *\nFROM `...', Array, false)
#4 C:\xampp\htdocs\wdpf55_codignator\codeigniter4-one\system\Model.php(871): CodeIgniter\Database\BaseBuilder->get()
#5 C:\xampp\htdocs\wdpf55_codignator\codeigniter4-one\app\Controllers\ProductController.php(19): CodeIgniter\Model->__call('get', Array)
#6 C:\xampp\htdocs\wdpf55_codignator\codeigniter4-one\system\CodeIgniter.php(942): App\Controllers\ProductController->index()
#7 C:\xampp\htdocs\wdpf55_codignator\codeigniter4-one\system\CodeIgniter.php(502): CodeIgniter\CodeIgniter->runController(Object(App\Controllers\ProductController))
#8 C:\xampp\htdocs\wdpf55_codignator\codeigniter4-one\system\CodeIgniter.php(361): CodeIgniter\CodeIgniter->handleRequest(NULL, Object(Config\Cache), false)
#9 C:\xampp\htdocs\wdpf55_codignator\codeigniter4-one\public\index.php(79): CodeIgniter\CodeIgniter->run()
#10 C:\xampp\htdocs\wdpf55_codignator\codeigniter4-one\system\Commands\Server\rewrite.php(47): require_once('C:\\xampp\\htdocs...')
#11 {main}
CRITICAL - 2023-12-02 06:08:40 --> Table 'codeignitor1.products' doesn't exist
in SYSTEMPATH\Database\BaseConnection.php on line 647.
 1 SYSTEMPATH\Database\BaseBuilder.php(1615): CodeIgniter\Database\BaseConnection->query('SELECT *
FROM `products`', [], false)
 2 SYSTEMPATH\Model.php(871): CodeIgniter\Database\BaseBuilder->get()
 3 APPPATH\Controllers\ProductController.php(19): CodeIgniter\Model->__call('get', [])
 4 SYSTEMPATH\CodeIgniter.php(942): App\Controllers\ProductController->index()
 5 SYSTEMPATH\CodeIgniter.php(502): CodeIgniter\CodeIgniter->runController(Object(App\Controllers\ProductController))
 6 SYSTEMPATH\CodeIgniter.php(361): CodeIgniter\CodeIgniter->handleRequest(null, Object(Config\Cache), false)
 7 FCPATH\index.php(79): CodeIgniter\CodeIgniter->run()
 8 SYSTEMPATH\Commands\Server\rewrite.php(47): require_once('C:\\xampp\\htdocs\\wdpf55_codignator\\codeigniter4-one\\public\\index.php')
ERROR - 2023-12-02 06:08:58 --> mysqli_sql_exception: Table 'codeignitor1.products' doesn't exist in C:\xampp\htdocs\wdpf55_codignator\codeigniter4-one\system\Database\MySQLi\Connection.php:306
Stack trace:
#0 C:\xampp\htdocs\wdpf55_codignator\codeigniter4-one\system\Database\MySQLi\Connection.php(306): mysqli->query('SELECT *\nFROM `...', 0)
#1 C:\xampp\htdocs\wdpf55_codignator\codeigniter4-one\system\Database\BaseConnection.php(693): CodeIgniter\Database\MySQLi\Connection->execute('SELECT *\nFROM `...')
#2 C:\xampp\htdocs\wdpf55_codignator\codeigniter4-one\system\Database\BaseConnection.php(607): CodeIgniter\Database\BaseConnection->simpleQuery('SELECT *\nFROM `...')
#3 C:\xampp\htdocs\wdpf55_codignator\codeigniter4-one\system\Database\BaseBuilder.php(1615): CodeIgniter\Database\BaseConnection->query('SELECT *\nFROM `...', Array, false)
#4 C:\xampp\htdocs\wdpf55_codignator\codeigniter4-one\system\Model.php(871): CodeIgniter\Database\BaseBuilder->get()
#5 C:\xampp\htdocs\wdpf55_codignator\codeigniter4-one\app\Controllers\ProductController.php(19): CodeIgniter\Model->__call('get', Array)
#6 C:\xampp\htdocs\wdpf55_codignator\codeigniter4-one\system\CodeIgniter.php(942): App\Controllers\ProductController->index()
#7 C:\xampp\htdocs\wdpf55_codignator\codeigniter4-one\system\CodeIgniter.php(502): CodeIgniter\CodeIgniter->runController(Object(App\Controllers\ProductController))
#8 C:\xampp\htdocs\wdpf55_codignator\codeigniter4-one\system\CodeIgniter.php(361): CodeIgniter\CodeIgniter->handleRequest(NULL, Object(Config\Cache), false)
#9 C:\xampp\htdocs\wdpf55_codignator\codeigniter4-one\public\index.php(79): CodeIgniter\CodeIgniter->run()
#10 C:\xampp\htdocs\wdpf55_codignator\codeigniter4-one\system\Commands\Server\rewrite.php(47): require_once('C:\\xampp\\htdocs...')
#11 {main}
CRITICAL - 2023-12-02 06:08:58 --> Table 'codeignitor1.products' doesn't exist
in SYSTEMPATH\Database\BaseConnection.php on line 647.
 1 SYSTEMPATH\Database\BaseBuilder.php(1615): CodeIgniter\Database\BaseConnection->query('SELECT *
FROM `products`', [], false)
 2 SYSTEMPATH\Model.php(871): CodeIgniter\Database\BaseBuilder->get()
 3 APPPATH\Controllers\ProductController.php(19): CodeIgniter\Model->__call('get', [])
 4 SYSTEMPATH\CodeIgniter.php(942): App\Controllers\ProductController->index()
 5 SYSTEMPATH\CodeIgniter.php(502): CodeIgniter\CodeIgniter->runController(Object(App\Controllers\ProductController))
 6 SYSTEMPATH\CodeIgniter.php(361): CodeIgniter\CodeIgniter->handleRequest(null, Object(Config\Cache), false)
 7 FCPATH\index.php(79): CodeIgniter\CodeIgniter->run()
 8 SYSTEMPATH\Commands\Server\rewrite.php(47): require_once('C:\\xampp\\htdocs\\wdpf55_codignator\\codeigniter4-one\\public\\index.php')
