INFO - 2023-12-20 03:01:13 --> Session: Class initialized using 'CodeIgniter\Session\Handlers\FileHandler' driver.
INFO - 2023-12-20 03:01:14 --> Session: Class initialized using 'CodeIgniter\Session\Handlers\FileHandler' driver.
INFO - 2023-12-20 03:46:40 --> Session: Class initialized using 'CodeIgniter\Session\Handlers\FileHandler' driver.
INFO - 2023-12-20 03:46:40 --> Session: Class initialized using 'CodeIgniter\Session\Handlers\FileHandler' driver.
INFO - 2023-12-20 03:46:44 --> Session: Class initialized using 'CodeIgniter\Session\Handlers\FileHandler' driver.
INFO - 2023-12-20 03:47:13 --> Session: Class initialized using 'CodeIgniter\Session\Handlers\FileHandler' driver.
INFO - 2023-12-20 03:55:15 --> Session: Class initialized using 'CodeIgniter\Session\Handlers\FileHandler' driver.
INFO - 2023-12-20 05:45:50 --> Session: Class initialized using 'CodeIgniter\Session\Handlers\FileHandler' driver.
INFO - 2023-12-20 05:46:51 --> Session: Class initialized using 'CodeIgniter\Session\Handlers\FileHandler' driver.
CRITICAL - 2023-12-20 05:46:51 --> Undefined index: category
in APPPATH\Views\products\allProducts.php on line 107.
 1 APPPATH\Views\products\allProducts.php(107): CodeIgniter\Debug\Exceptions->errorHandler(8, 'Undefined index: category', 'C:\\xampp\\htdocs\\wdpf55_codignator\\codeigniter4-one\\app\\Views\\products\\allProducts.php', 107, [...])
 2 SYSTEMPATH\View\View.php(228): include('C:\\xampp\\htdocs\\wdpf55_codignator\\codeigniter4-one\\app\\Views\\products\\allProducts.php')
 3 SYSTEMPATH\View\View.php(231): CodeIgniter\View\View->CodeIgniter\View\{closure}()
 4 SYSTEMPATH\Common.php(1190): CodeIgniter\View\View->render('products/allProducts', [], true)
 5 APPPATH\Controllers\ProductController.php(30): view('products/allProducts', [...])
 6 SYSTEMPATH\CodeIgniter.php(942): App\Controllers\ProductController->index()
 7 SYSTEMPATH\CodeIgniter.php(502): CodeIgniter\CodeIgniter->runController(Object(App\Controllers\ProductController))
 8 SYSTEMPATH\CodeIgniter.php(361): CodeIgniter\CodeIgniter->handleRequest(null, Object(Config\Cache), false)
 9 FCPATH\index.php(79): CodeIgniter\CodeIgniter->run()
10 SYSTEMPATH\Commands\Server\rewrite.php(47): require_once('C:\\xampp\\htdocs\\wdpf55_codignator\\codeigniter4-one\\public\\index.php')
INFO - 2023-12-20 05:46:54 --> Session: Class initialized using 'CodeIgniter\Session\Handlers\FileHandler' driver.
CRITICAL - 2023-12-20 05:46:54 --> Undefined index: category
in APPPATH\Views\products\allProducts.php on line 107.
 1 APPPATH\Views\products\allProducts.php(107): CodeIgniter\Debug\Exceptions->errorHandler(8, 'Undefined index: category', 'C:\\xampp\\htdocs\\wdpf55_codignator\\codeigniter4-one\\app\\Views\\products\\allProducts.php', 107, [...])
 2 SYSTEMPATH\View\View.php(228): include('C:\\xampp\\htdocs\\wdpf55_codignator\\codeigniter4-one\\app\\Views\\products\\allProducts.php')
 3 SYSTEMPATH\View\View.php(231): CodeIgniter\View\View->CodeIgniter\View\{closure}()
 4 SYSTEMPATH\Common.php(1190): CodeIgniter\View\View->render('products/allProducts', [], true)
 5 APPPATH\Controllers\ProductController.php(30): view('products/allProducts', [...])
 6 SYSTEMPATH\CodeIgniter.php(942): App\Controllers\ProductController->index()
 7 SYSTEMPATH\CodeIgniter.php(502): CodeIgniter\CodeIgniter->runController(Object(App\Controllers\ProductController))
 8 SYSTEMPATH\CodeIgniter.php(361): CodeIgniter\CodeIgniter->handleRequest(null, Object(Config\Cache), false)
 9 FCPATH\index.php(79): CodeIgniter\CodeIgniter->run()
10 SYSTEMPATH\Commands\Server\rewrite.php(47): require_once('C:\\xampp\\htdocs\\wdpf55_codignator\\codeigniter4-one\\public\\index.php')
INFO - 2023-12-20 05:48:46 --> Session: Class initialized using 'CodeIgniter\Session\Handlers\FileHandler' driver.
INFO - 2023-12-20 05:48:58 --> Session: Class initialized using 'CodeIgniter\Session\Handlers\FileHandler' driver.
INFO - 2023-12-20 05:48:58 --> Session: Class initialized using 'CodeIgniter\Session\Handlers\FileHandler' driver.
INFO - 2023-12-20 05:49:53 --> Session: Class initialized using 'CodeIgniter\Session\Handlers\FileHandler' driver.
INFO - 2023-12-20 05:53:17 --> Session: Class initialized using 'CodeIgniter\Session\Handlers\FileHandler' driver.
INFO - 2023-12-20 05:54:18 --> Session: Class initialized using 'CodeIgniter\Session\Handlers\FileHandler' driver.
CRITICAL - 2023-12-20 05:54:19 --> Undefined variable: product_id
in APPPATH\Views\products\edit.php on line 69.
 1 APPPATH\Views\products\edit.php(69): CodeIgniter\Debug\Exceptions->errorHandler(8, 'Undefined variable: product_id', 'C:\\xampp\\htdocs\\wdpf55_codignator\\codeigniter4-one\\app\\Views\\products\\edit.php', 69, [...])
 2 SYSTEMPATH\View\View.php(228): include('C:\\xampp\\htdocs\\wdpf55_codignator\\codeigniter4-one\\app\\Views\\products\\edit.php')
 3 SYSTEMPATH\View\View.php(231): CodeIgniter\View\View->CodeIgniter\View\{closure}()
 4 SYSTEMPATH\Common.php(1190): CodeIgniter\View\View->render('products/edit', [], true)
 5 APPPATH\Controllers\ProductController.php(83): view('products/edit', [...])
 6 SYSTEMPATH\CodeIgniter.php(942): App\Controllers\ProductController->edit('3')
 7 SYSTEMPATH\CodeIgniter.php(502): CodeIgniter\CodeIgniter->runController(Object(App\Controllers\ProductController))
 8 SYSTEMPATH\CodeIgniter.php(361): CodeIgniter\CodeIgniter->handleRequest(null, Object(Config\Cache), false)
 9 FCPATH\index.php(79): CodeIgniter\CodeIgniter->run()
10 SYSTEMPATH\Commands\Server\rewrite.php(47): require_once('C:\\xampp\\htdocs\\wdpf55_codignator\\codeigniter4-one\\public\\index.php')
INFO - 2023-12-20 05:55:56 --> Session: Class initialized using 'CodeIgniter\Session\Handlers\FileHandler' driver.
CRITICAL - 2023-12-20 05:55:56 --> Undefined variable: category
in APPPATH\Views\products\edit.php on line 77.
 1 APPPATH\Views\products\edit.php(77): CodeIgniter\Debug\Exceptions->errorHandler(8, 'Undefined variable: category', 'C:\\xampp\\htdocs\\wdpf55_codignator\\codeigniter4-one\\app\\Views\\products\\edit.php', 77, [...])
 2 SYSTEMPATH\View\View.php(228): include('C:\\xampp\\htdocs\\wdpf55_codignator\\codeigniter4-one\\app\\Views\\products\\edit.php')
 3 SYSTEMPATH\View\View.php(231): CodeIgniter\View\View->CodeIgniter\View\{closure}()
 4 SYSTEMPATH\Common.php(1190): CodeIgniter\View\View->render('products/edit', [], true)
 5 APPPATH\Controllers\ProductController.php(83): view('products/edit', [...])
 6 SYSTEMPATH\CodeIgniter.php(942): App\Controllers\ProductController->edit('3')
 7 SYSTEMPATH\CodeIgniter.php(502): CodeIgniter\CodeIgniter->runController(Object(App\Controllers\ProductController))
 8 SYSTEMPATH\CodeIgniter.php(361): CodeIgniter\CodeIgniter->handleRequest(null, Object(Config\Cache), false)
 9 FCPATH\index.php(79): CodeIgniter\CodeIgniter->run()
10 SYSTEMPATH\Commands\Server\rewrite.php(47): require_once('C:\\xampp\\htdocs\\wdpf55_codignator\\codeigniter4-one\\public\\index.php')
INFO - 2023-12-20 05:57:43 --> Session: Class initialized using 'CodeIgniter\Session\Handlers\FileHandler' driver.
CRITICAL - 2023-12-20 05:57:43 --> Undefined variable: category
in APPPATH\Views\products\edit.php on line 77.
 1 APPPATH\Views\products\edit.php(77): CodeIgniter\Debug\Exceptions->errorHandler(8, 'Undefined variable: category', 'C:\\xampp\\htdocs\\wdpf55_codignator\\codeigniter4-one\\app\\Views\\products\\edit.php', 77, [...])
 2 SYSTEMPATH\View\View.php(228): include('C:\\xampp\\htdocs\\wdpf55_codignator\\codeigniter4-one\\app\\Views\\products\\edit.php')
 3 SYSTEMPATH\View\View.php(231): CodeIgniter\View\View->CodeIgniter\View\{closure}()
 4 SYSTEMPATH\Common.php(1190): CodeIgniter\View\View->render('products/edit', [], true)
 5 APPPATH\Controllers\ProductController.php(83): view('products/edit', [...])
 6 SYSTEMPATH\CodeIgniter.php(942): App\Controllers\ProductController->edit('3')
 7 SYSTEMPATH\CodeIgniter.php(502): CodeIgniter\CodeIgniter->runController(Object(App\Controllers\ProductController))
 8 SYSTEMPATH\CodeIgniter.php(361): CodeIgniter\CodeIgniter->handleRequest(null, Object(Config\Cache), false)
 9 FCPATH\index.php(79): CodeIgniter\CodeIgniter->run()
10 SYSTEMPATH\Commands\Server\rewrite.php(47): require_once('C:\\xampp\\htdocs\\wdpf55_codignator\\codeigniter4-one\\public\\index.php')
INFO - 2023-12-20 05:58:41 --> Session: Class initialized using 'CodeIgniter\Session\Handlers\FileHandler' driver.
CRITICAL - 2023-12-20 05:58:41 --> Undefined variable: category
in APPPATH\Views\products\edit.php on line 77.
 1 APPPATH\Views\products\edit.php(77): CodeIgniter\Debug\Exceptions->errorHandler(8, 'Undefined variable: category', 'C:\\xampp\\htdocs\\wdpf55_codignator\\codeigniter4-one\\app\\Views\\products\\edit.php', 77, [...])
 2 SYSTEMPATH\View\View.php(228): include('C:\\xampp\\htdocs\\wdpf55_codignator\\codeigniter4-one\\app\\Views\\products\\edit.php')
 3 SYSTEMPATH\View\View.php(231): CodeIgniter\View\View->CodeIgniter\View\{closure}()
 4 SYSTEMPATH\Common.php(1190): CodeIgniter\View\View->render('products/edit', [], true)
 5 APPPATH\Controllers\ProductController.php(83): view('products/edit', [...])
 6 SYSTEMPATH\CodeIgniter.php(942): App\Controllers\ProductController->edit('3')
 7 SYSTEMPATH\CodeIgniter.php(502): CodeIgniter\CodeIgniter->runController(Object(App\Controllers\ProductController))
 8 SYSTEMPATH\CodeIgniter.php(361): CodeIgniter\CodeIgniter->handleRequest(null, Object(Config\Cache), false)
 9 FCPATH\index.php(79): CodeIgniter\CodeIgniter->run()
10 SYSTEMPATH\Commands\Server\rewrite.php(47): require_once('C:\\xampp\\htdocs\\wdpf55_codignator\\codeigniter4-one\\public\\index.php')
INFO - 2023-12-20 05:58:43 --> Session: Class initialized using 'CodeIgniter\Session\Handlers\FileHandler' driver.
CRITICAL - 2023-12-20 05:58:43 --> Undefined variable: category
in APPPATH\Views\products\edit.php on line 77.
 1 APPPATH\Views\products\edit.php(77): CodeIgniter\Debug\Exceptions->errorHandler(8, 'Undefined variable: category', 'C:\\xampp\\htdocs\\wdpf55_codignator\\codeigniter4-one\\app\\Views\\products\\edit.php', 77, [...])
 2 SYSTEMPATH\View\View.php(228): include('C:\\xampp\\htdocs\\wdpf55_codignator\\codeigniter4-one\\app\\Views\\products\\edit.php')
 3 SYSTEMPATH\View\View.php(231): CodeIgniter\View\View->CodeIgniter\View\{closure}()
 4 SYSTEMPATH\Common.php(1190): CodeIgniter\View\View->render('products/edit', [], true)
 5 APPPATH\Controllers\ProductController.php(83): view('products/edit', [...])
 6 SYSTEMPATH\CodeIgniter.php(942): App\Controllers\ProductController->edit('3')
 7 SYSTEMPATH\CodeIgniter.php(502): CodeIgniter\CodeIgniter->runController(Object(App\Controllers\ProductController))
 8 SYSTEMPATH\CodeIgniter.php(361): CodeIgniter\CodeIgniter->handleRequest(null, Object(Config\Cache), false)
 9 FCPATH\index.php(79): CodeIgniter\CodeIgniter->run()
10 SYSTEMPATH\Commands\Server\rewrite.php(47): require_once('C:\\xampp\\htdocs\\wdpf55_codignator\\codeigniter4-one\\public\\index.php')
