INFO - 2023-12-10 03:19:33 --> Session: Class initialized using 'CodeIgniter\Session\Handlers\FileHandler' driver.
INFO - 2023-12-10 03:19:33 --> Session: Class initialized using 'CodeIgniter\Session\Handlers\FileHandler' driver.
INFO - 2023-12-10 03:22:49 --> Session: Class initialized using 'CodeIgniter\Session\Handlers\FileHandler' driver.
ERROR - 2023-12-10 03:22:51 --> Error connecting to the database: mysqli_sql_exception: No connection could be made because the target machine actively refused it.
 in C:\xampp\htdocs\wdpf55_codignator\codeigniter4-one\system\Database\MySQLi\Connection.php:185
Stack trace:
#0 C:\xampp\htdocs\wdpf55_codignator\codeigniter4-one\system\Database\MySQLi\Connection.php(185): mysqli->real_connect('localhost', 'root', '', 'codeignitor1', 3306, '', 0)
#1 C:\xampp\htdocs\wdpf55_codignator\codeigniter4-one\system\Database\BaseConnection.php(392): CodeIgniter\Database\MySQLi\Connection->connect(false)
#2 C:\xampp\htdocs\wdpf55_codignator\codeigniter4-one\system\Database\BaseConnection.php(575): CodeIgniter\Database\BaseConnection->initialize()
#3 C:\xampp\htdocs\wdpf55_codignator\codeigniter4-one\system\Database\BaseBuilder.php(1615): CodeIgniter\Database\BaseConnection->query('SELECT *\nFROM `...', Array, false)
#4 C:\xampp\htdocs\wdpf55_codignator\codeigniter4-one\system\Model.php(264): CodeIgniter\Database\BaseBuilder->get()
#5 C:\xampp\htdocs\wdpf55_codignator\codeigniter4-one\system\BaseModel.php(662): CodeIgniter\Model->doFirst()
#6 C:\xampp\htdocs\wdpf55_codignator\codeigniter4-one\app\Controllers\LoginController.php(28): CodeIgniter\BaseModel->first()
#7 C:\xampp\htdocs\wdpf55_codignator\codeigniter4-one\system\CodeIgniter.php(942): App\Controllers\LoginController->login()
#8 C:\xampp\htdocs\wdpf55_codignator\codeigniter4-one\system\CodeIgniter.php(502): CodeIgniter\CodeIgniter->runController(Object(App\Controllers\LoginController))
#9 C:\xampp\htdocs\wdpf55_codignator\codeigniter4-one\system\CodeIgniter.php(361): CodeIgniter\CodeIgniter->handleRequest(NULL, Object(Config\Cache), false)
#10 C:\xampp\htdocs\wdpf55_codignator\codeigniter4-one\public\index.php(79): CodeIgniter\CodeIgniter->run()
#11 C:\xampp\htdocs\wdpf55_codignator\codeigniter4-one\system\Commands\Server\rewrite.php(47): require_once('C:\\xampp\\htdocs...')
#12 {main}

Next CodeIgniter\Database\Exceptions\DatabaseException: No connection could be made because the target machine actively refused it.
 in C:\xampp\htdocs\wdpf55_codignator\codeigniter4-one\system\Database\MySQLi\Connection.php:229
Stack trace:
#0 C:\xampp\htdocs\wdpf55_codignator\codeigniter4-one\system\Database\BaseConnection.php(392): CodeIgniter\Database\MySQLi\Connection->connect(false)
#1 C:\xampp\htdocs\wdpf55_codignator\codeigniter4-one\system\Database\BaseConnection.php(575): CodeIgniter\Database\BaseConnection->initialize()
#2 C:\xampp\htdocs\wdpf55_codignator\codeigniter4-one\system\Database\BaseBuilder.php(1615): CodeIgniter\Database\BaseConnection->query('SELECT *\nFROM `...', Array, false)
#3 C:\xampp\htdocs\wdpf55_codignator\codeigniter4-one\system\Model.php(264): CodeIgniter\Database\BaseBuilder->get()
#4 C:\xampp\htdocs\wdpf55_codignator\codeigniter4-one\system\BaseModel.php(662): CodeIgniter\Model->doFirst()
#5 C:\xampp\htdocs\wdpf55_codignator\codeigniter4-one\app\Controllers\LoginController.php(28): CodeIgniter\BaseModel->first()
#6 C:\xampp\htdocs\wdpf55_codignator\codeigniter4-one\system\CodeIgniter.php(942): App\Controllers\LoginController->login()
#7 C:\xampp\htdocs\wdpf55_codignator\codeigniter4-one\system\CodeIgniter.php(502): CodeIgniter\CodeIgniter->runController(Object(App\Controllers\LoginController))
#8 C:\xampp\htdocs\wdpf55_codignator\codeigniter4-one\system\CodeIgniter.php(361): CodeIgniter\CodeIgniter->handleRequest(NULL, Object(Config\Cache), false)
#9 C:\xampp\htdocs\wdpf55_codignator\codeigniter4-one\public\index.php(79): CodeIgniter\CodeIgniter->run()
#10 C:\xampp\htdocs\wdpf55_codignator\codeigniter4-one\system\Commands\Server\rewrite.php(47): require_once('C:\\xampp\\htdocs...')
#11 {main}
CRITICAL - 2023-12-10 03:22:51 --> Unable to connect to the database.
Main connection [MySQLi]: No connection could be made because the target machine actively refused it.

in SYSTEMPATH\Database\BaseConnection.php on line 428.
 1 SYSTEMPATH\Database\BaseConnection.php(575): CodeIgniter\Database\BaseConnection->initialize()
 2 SYSTEMPATH\Database\BaseBuilder.php(1615): CodeIgniter\Database\BaseConnection->query('SELECT *
FROM `users`
WHERE `email` = :email:
 LIMIT 1', [...], false)
 3 SYSTEMPATH\Model.php(264): CodeIgniter\Database\BaseBuilder->get()
 4 SYSTEMPATH\BaseModel.php(662): CodeIgniter\Model->doFirst()
 5 APPPATH\Controllers\LoginController.php(28): CodeIgniter\BaseModel->first()
 6 SYSTEMPATH\CodeIgniter.php(942): App\Controllers\LoginController->login()
 7 SYSTEMPATH\CodeIgniter.php(502): CodeIgniter\CodeIgniter->runController(Object(App\Controllers\LoginController))
 8 SYSTEMPATH\CodeIgniter.php(361): CodeIgniter\CodeIgniter->handleRequest(null, Object(Config\Cache), false)
 9 FCPATH\index.php(79): CodeIgniter\CodeIgniter->run()
10 SYSTEMPATH\Commands\Server\rewrite.php(47): require_once('C:\\xampp\\htdocs\\wdpf55_codignator\\codeigniter4-one\\public\\index.php')
INFO - 2023-12-10 03:23:20 --> Session: Class initialized using 'CodeIgniter\Session\Handlers\FileHandler' driver.
INFO - 2023-12-10 03:23:20 --> Session: Class initialized using 'CodeIgniter\Session\Handlers\FileHandler' driver.
ERROR - 2023-12-10 03:41:30 --> mysqli_sql_exception: Cannot add or update a child row: a foreign key constraint fails (`codeignitor1`.`products`, CONSTRAINT `products_category_id_foreign` FOREIGN KEY (`category_id`) REFERENCES `category` (`id`) ON DELETE CASCADE ON UPDATE CASCADE) in C:\xampp\htdocs\wdpf55_codignator\codeigniter4-one\system\Database\MySQLi\Connection.php:306
Stack trace:
#0 C:\xampp\htdocs\wdpf55_codignator\codeigniter4-one\system\Database\MySQLi\Connection.php(306): mysqli->query('INSERT INTO `pr...', 0)
#1 C:\xampp\htdocs\wdpf55_codignator\codeigniter4-one\system\Database\BaseConnection.php(693): CodeIgniter\Database\MySQLi\Connection->execute('INSERT INTO `pr...')
#2 C:\xampp\htdocs\wdpf55_codignator\codeigniter4-one\system\Database\BaseConnection.php(607): CodeIgniter\Database\BaseConnection->simpleQuery('INSERT INTO `pr...')
#3 C:\xampp\htdocs\wdpf55_codignator\codeigniter4-one\system\Database\BaseBuilder.php(2308): CodeIgniter\Database\BaseConnection->query('INSERT INTO `pr...', Array, false)
#4 C:\xampp\htdocs\wdpf55_codignator\codeigniter4-one\system\Model.php(319): CodeIgniter\Database\BaseBuilder->insert()
#5 C:\xampp\htdocs\wdpf55_codignator\codeigniter4-one\system\BaseModel.php(788): CodeIgniter\Model->doInsert(Array)
#6 C:\xampp\htdocs\wdpf55_codignator\codeigniter4-one\system\Model.php(715): CodeIgniter\BaseModel->insert(Array, true)
#7 C:\xampp\htdocs\wdpf55_codignator\codeigniter4-one\app\Database\Seeds\ProductSeeder.php(25): CodeIgniter\Model->insert(Array)
#8 C:\xampp\htdocs\wdpf55_codignator\codeigniter4-one\system\Database\Seeder.php(146): App\Database\Seeds\ProductSeeder->run()
#9 C:\xampp\htdocs\wdpf55_codignator\codeigniter4-one\system\Commands\Database\Seed.php(77): CodeIgniter\Database\Seeder->call('App\\Database\\Se...')
#10 C:\xampp\htdocs\wdpf55_codignator\codeigniter4-one\system\CLI\Commands.php(65): CodeIgniter\Commands\Database\Seed->run(Array)
#11 C:\xampp\htdocs\wdpf55_codignator\codeigniter4-one\system\CLI\Console.php(46): CodeIgniter\CLI\Commands->run('db:seed', Array)
#12 C:\xampp\htdocs\wdpf55_codignator\codeigniter4-one\spark(102): CodeIgniter\CLI\Console->run()
#13 {main}
ERROR - 2023-12-10 03:45:33 --> mysqli_sql_exception: Cannot add or update a child row: a foreign key constraint fails (`codeignitor1`.`products`, CONSTRAINT `products_category_id_foreign` FOREIGN KEY (`category_id`) REFERENCES `category` (`category_id`) ON DELETE CASCADE ON UPDATE CASCADE) in C:\xampp\htdocs\wdpf55_codignator\codeigniter4-one\system\Database\MySQLi\Connection.php:306
Stack trace:
#0 C:\xampp\htdocs\wdpf55_codignator\codeigniter4-one\system\Database\MySQLi\Connection.php(306): mysqli->query('INSERT INTO `pr...', 0)
#1 C:\xampp\htdocs\wdpf55_codignator\codeigniter4-one\system\Database\BaseConnection.php(693): CodeIgniter\Database\MySQLi\Connection->execute('INSERT INTO `pr...')
#2 C:\xampp\htdocs\wdpf55_codignator\codeigniter4-one\system\Database\BaseConnection.php(607): CodeIgniter\Database\BaseConnection->simpleQuery('INSERT INTO `pr...')
#3 C:\xampp\htdocs\wdpf55_codignator\codeigniter4-one\system\Database\BaseBuilder.php(2308): CodeIgniter\Database\BaseConnection->query('INSERT INTO `pr...', Array, false)
#4 C:\xampp\htdocs\wdpf55_codignator\codeigniter4-one\system\Model.php(319): CodeIgniter\Database\BaseBuilder->insert()
#5 C:\xampp\htdocs\wdpf55_codignator\codeigniter4-one\system\BaseModel.php(788): CodeIgniter\Model->doInsert(Array)
#6 C:\xampp\htdocs\wdpf55_codignator\codeigniter4-one\system\Model.php(715): CodeIgniter\BaseModel->insert(Array, true)
#7 C:\xampp\htdocs\wdpf55_codignator\codeigniter4-one\app\Database\Seeds\ProductSeeder.php(25): CodeIgniter\Model->insert(Array)
#8 C:\xampp\htdocs\wdpf55_codignator\codeigniter4-one\system\Database\Seeder.php(146): App\Database\Seeds\ProductSeeder->run()
#9 C:\xampp\htdocs\wdpf55_codignator\codeigniter4-one\system\Commands\Database\Seed.php(77): CodeIgniter\Database\Seeder->call('App\\Database\\Se...')
#10 C:\xampp\htdocs\wdpf55_codignator\codeigniter4-one\system\CLI\Commands.php(65): CodeIgniter\Commands\Database\Seed->run(Array)
#11 C:\xampp\htdocs\wdpf55_codignator\codeigniter4-one\system\CLI\Console.php(46): CodeIgniter\CLI\Commands->run('db:seed', Array)
#12 C:\xampp\htdocs\wdpf55_codignator\codeigniter4-one\spark(102): CodeIgniter\CLI\Console->run()
#13 {main}
INFO - 2023-12-10 03:52:29 --> Session: Class initialized using 'CodeIgniter\Session\Handlers\FileHandler' driver.
CRITICAL - 2023-12-10 03:52:29 --> Undefined index: product_id
in APPPATH\Views\products\allProducts.php on line 105.
 1 APPPATH\Views\products\allProducts.php(105): CodeIgniter\Debug\Exceptions->errorHandler(8, 'Undefined index: product_id', 'C:\\xampp\\htdocs\\wdpf55_codignator\\codeigniter4-one\\app\\Views\\products\\allProducts.php', 105, [...])
 2 SYSTEMPATH\View\View.php(228): include('C:\\xampp\\htdocs\\wdpf55_codignator\\codeigniter4-one\\app\\Views\\products\\allProducts.php')
 3 SYSTEMPATH\View\View.php(231): CodeIgniter\View\View->CodeIgniter\View\{closure}()
 4 SYSTEMPATH\Common.php(1190): CodeIgniter\View\View->render('products/allProducts', [], true)
 5 APPPATH\Controllers\ProductController.php(24): view('products/allProducts', [...])
 6 SYSTEMPATH\CodeIgniter.php(942): App\Controllers\ProductController->index()
 7 SYSTEMPATH\CodeIgniter.php(502): CodeIgniter\CodeIgniter->runController(Object(App\Controllers\ProductController))
 8 SYSTEMPATH\CodeIgniter.php(361): CodeIgniter\CodeIgniter->handleRequest(null, Object(Config\Cache), false)
 9 FCPATH\index.php(79): CodeIgniter\CodeIgniter->run()
10 SYSTEMPATH\Commands\Server\rewrite.php(47): require_once('C:\\xampp\\htdocs\\wdpf55_codignator\\codeigniter4-one\\public\\index.php')
INFO - 2023-12-10 03:53:23 --> Session: Class initialized using 'CodeIgniter\Session\Handlers\FileHandler' driver.
CRITICAL - 2023-12-10 03:53:23 --> Undefined index: category
in APPPATH\Views\products\allProducts.php on line 107.
 1 APPPATH\Views\products\allProducts.php(107): CodeIgniter\Debug\Exceptions->errorHandler(8, 'Undefined index: category', 'C:\\xampp\\htdocs\\wdpf55_codignator\\codeigniter4-one\\app\\Views\\products\\allProducts.php', 107, [...])
 2 SYSTEMPATH\View\View.php(228): include('C:\\xampp\\htdocs\\wdpf55_codignator\\codeigniter4-one\\app\\Views\\products\\allProducts.php')
 3 SYSTEMPATH\View\View.php(231): CodeIgniter\View\View->CodeIgniter\View\{closure}()
 4 SYSTEMPATH\Common.php(1190): CodeIgniter\View\View->render('products/allProducts', [], true)
 5 APPPATH\Controllers\ProductController.php(24): view('products/allProducts', [...])
 6 SYSTEMPATH\CodeIgniter.php(942): App\Controllers\ProductController->index()
 7 SYSTEMPATH\CodeIgniter.php(502): CodeIgniter\CodeIgniter->runController(Object(App\Controllers\ProductController))
 8 SYSTEMPATH\CodeIgniter.php(361): CodeIgniter\CodeIgniter->handleRequest(null, Object(Config\Cache), false)
 9 FCPATH\index.php(79): CodeIgniter\CodeIgniter->run()
10 SYSTEMPATH\Commands\Server\rewrite.php(47): require_once('C:\\xampp\\htdocs\\wdpf55_codignator\\codeigniter4-one\\public\\index.php')
INFO - 2023-12-10 03:53:40 --> Session: Class initialized using 'CodeIgniter\Session\Handlers\FileHandler' driver.
INFO - 2023-12-10 03:54:13 --> Session: Class initialized using 'CodeIgniter\Session\Handlers\FileHandler' driver.
INFO - 2023-12-10 03:59:46 --> Session: Class initialized using 'CodeIgniter\Session\Handlers\FileHandler' driver.
INFO - 2023-12-10 04:08:45 --> Session: Class initialized using 'CodeIgniter\Session\Handlers\FileHandler' driver.
INFO - 2023-12-10 04:09:10 --> Session: Class initialized using 'CodeIgniter\Session\Handlers\FileHandler' driver.
INFO - 2023-12-10 04:11:32 --> Session: Class initialized using 'CodeIgniter\Session\Handlers\FileHandler' driver.
INFO - 2023-12-10 04:26:57 --> Session: Class initialized using 'CodeIgniter\Session\Handlers\FileHandler' driver.
CRITICAL - 2023-12-10 04:26:57 --> Undefined variable: cats
in APPPATH\Views\products\create.php on line 70.
 1 APPPATH\Views\products\create.php(70): CodeIgniter\Debug\Exceptions->errorHandler(8, 'Undefined variable: cats', 'C:\\xampp\\htdocs\\wdpf55_codignator\\codeigniter4-one\\app\\Views\\products\\create.php', 70, [])
 2 SYSTEMPATH\View\View.php(228): include('C:\\xampp\\htdocs\\wdpf55_codignator\\codeigniter4-one\\app\\Views\\products\\create.php')
 3 SYSTEMPATH\View\View.php(231): CodeIgniter\View\View->CodeIgniter\View\{closure}()
 4 SYSTEMPATH\Common.php(1190): CodeIgniter\View\View->render('products/create', [], true)
 5 APPPATH\Controllers\ProductController.php(37): view('products/create')
 6 SYSTEMPATH\CodeIgniter.php(942): App\Controllers\ProductController->create()
 7 SYSTEMPATH\CodeIgniter.php(502): CodeIgniter\CodeIgniter->runController(Object(App\Controllers\ProductController))
 8 SYSTEMPATH\CodeIgniter.php(361): CodeIgniter\CodeIgniter->handleRequest(null, Object(Config\Cache), false)
 9 FCPATH\index.php(79): CodeIgniter\CodeIgniter->run()
10 SYSTEMPATH\Commands\Server\rewrite.php(47): require_once('C:\\xampp\\htdocs\\wdpf55_codignator\\codeigniter4-one\\public\\index.php')
INFO - 2023-12-10 04:27:39 --> Session: Class initialized using 'CodeIgniter\Session\Handlers\FileHandler' driver.
INFO - 2023-12-10 04:28:22 --> Session: Class initialized using 'CodeIgniter\Session\Handlers\FileHandler' driver.
INFO - 2023-12-10 04:37:33 --> Session: Class initialized using 'CodeIgniter\Session\Handlers\FileHandler' driver.
INFO - 2023-12-10 04:38:03 --> Session: Class initialized using 'CodeIgniter\Session\Handlers\FileHandler' driver.
ERROR - 2023-12-10 04:38:03 --> mysqli_sql_exception: Unknown column 'category' in 'field list' in C:\xampp\htdocs\wdpf55_codignator\codeigniter4-one\system\Database\MySQLi\Connection.php:306
Stack trace:
#0 C:\xampp\htdocs\wdpf55_codignator\codeigniter4-one\system\Database\MySQLi\Connection.php(306): mysqli->query('INSERT INTO `pr...', 0)
#1 C:\xampp\htdocs\wdpf55_codignator\codeigniter4-one\system\Database\BaseConnection.php(693): CodeIgniter\Database\MySQLi\Connection->execute('INSERT INTO `pr...')
#2 C:\xampp\htdocs\wdpf55_codignator\codeigniter4-one\system\Database\BaseConnection.php(607): CodeIgniter\Database\BaseConnection->simpleQuery('INSERT INTO `pr...')
#3 C:\xampp\htdocs\wdpf55_codignator\codeigniter4-one\system\Database\BaseBuilder.php(2308): CodeIgniter\Database\BaseConnection->query('INSERT INTO `pr...', Array, false)
#4 C:\xampp\htdocs\wdpf55_codignator\codeigniter4-one\system\Model.php(319): CodeIgniter\Database\BaseBuilder->insert()
#5 C:\xampp\htdocs\wdpf55_codignator\codeigniter4-one\system\BaseModel.php(788): CodeIgniter\Model->doInsert(Array)
#6 C:\xampp\htdocs\wdpf55_codignator\codeigniter4-one\system\Model.php(715): CodeIgniter\BaseModel->insert(Array, true)
#7 C:\xampp\htdocs\wdpf55_codignator\codeigniter4-one\app\Controllers\ProductController.php(69): CodeIgniter\Model->insert(Array)
#8 C:\xampp\htdocs\wdpf55_codignator\codeigniter4-one\system\CodeIgniter.php(942): App\Controllers\ProductController->store()
#9 C:\xampp\htdocs\wdpf55_codignator\codeigniter4-one\system\CodeIgniter.php(502): CodeIgniter\CodeIgniter->runController(Object(App\Controllers\ProductController))
#10 C:\xampp\htdocs\wdpf55_codignator\codeigniter4-one\system\CodeIgniter.php(361): CodeIgniter\CodeIgniter->handleRequest(NULL, Object(Config\Cache), false)
#11 C:\xampp\htdocs\wdpf55_codignator\codeigniter4-one\public\index.php(79): CodeIgniter\CodeIgniter->run()
#12 C:\xampp\htdocs\wdpf55_codignator\codeigniter4-one\system\Commands\Server\rewrite.php(47): require_once('C:\\xampp\\htdocs...')
#13 {main}
CRITICAL - 2023-12-10 04:38:03 --> Unknown column 'category' in 'field list'
in SYSTEMPATH\Database\BaseConnection.php on line 647.
 1 SYSTEMPATH\Database\BaseBuilder.php(2308): CodeIgniter\Database\BaseConnection->query('INSERT INTO `products` (`product`, `category`, `price`, `sku`, `model`, `photo`) VALUES (:product:, :category:, :price:, :sku:, :model:, :photo:)', [...], false)
 2 SYSTEMPATH\Model.php(319): CodeIgniter\Database\BaseBuilder->insert()
 3 SYSTEMPATH\BaseModel.php(788): CodeIgniter\Model->doInsert([...])
 4 SYSTEMPATH\Model.php(715): CodeIgniter\BaseModel->insert([...], true)
 5 APPPATH\Controllers\ProductController.php(69): CodeIgniter\Model->insert([...])
 6 SYSTEMPATH\CodeIgniter.php(942): App\Controllers\ProductController->store()
 7 SYSTEMPATH\CodeIgniter.php(502): CodeIgniter\CodeIgniter->runController(Object(App\Controllers\ProductController))
 8 SYSTEMPATH\CodeIgniter.php(361): CodeIgniter\CodeIgniter->handleRequest(null, Object(Config\Cache), false)
 9 FCPATH\index.php(79): CodeIgniter\CodeIgniter->run()
10 SYSTEMPATH\Commands\Server\rewrite.php(47): require_once('C:\\xampp\\htdocs\\wdpf55_codignator\\codeigniter4-one\\public\\index.php')
INFO - 2023-12-10 04:48:30 --> Session: Class initialized using 'CodeIgniter\Session\Handlers\FileHandler' driver.
ERROR - 2023-12-10 04:48:30 --> mysqli_sql_exception: Unknown column 'category' in 'field list' in C:\xampp\htdocs\wdpf55_codignator\codeigniter4-one\system\Database\MySQLi\Connection.php:306
Stack trace:
#0 C:\xampp\htdocs\wdpf55_codignator\codeigniter4-one\system\Database\MySQLi\Connection.php(306): mysqli->query('INSERT INTO `pr...', 0)
#1 C:\xampp\htdocs\wdpf55_codignator\codeigniter4-one\system\Database\BaseConnection.php(693): CodeIgniter\Database\MySQLi\Connection->execute('INSERT INTO `pr...')
#2 C:\xampp\htdocs\wdpf55_codignator\codeigniter4-one\system\Database\BaseConnection.php(607): CodeIgniter\Database\BaseConnection->simpleQuery('INSERT INTO `pr...')
#3 C:\xampp\htdocs\wdpf55_codignator\codeigniter4-one\system\Database\BaseBuilder.php(2308): CodeIgniter\Database\BaseConnection->query('INSERT INTO `pr...', Array, false)
#4 C:\xampp\htdocs\wdpf55_codignator\codeigniter4-one\system\Model.php(319): CodeIgniter\Database\BaseBuilder->insert()
#5 C:\xampp\htdocs\wdpf55_codignator\codeigniter4-one\system\BaseModel.php(788): CodeIgniter\Model->doInsert(Array)
#6 C:\xampp\htdocs\wdpf55_codignator\codeigniter4-one\system\Model.php(715): CodeIgniter\BaseModel->insert(Array, true)
#7 C:\xampp\htdocs\wdpf55_codignator\codeigniter4-one\app\Controllers\ProductController.php(69): CodeIgniter\Model->insert(Array)
#8 C:\xampp\htdocs\wdpf55_codignator\codeigniter4-one\system\CodeIgniter.php(942): App\Controllers\ProductController->store()
#9 C:\xampp\htdocs\wdpf55_codignator\codeigniter4-one\system\CodeIgniter.php(502): CodeIgniter\CodeIgniter->runController(Object(App\Controllers\ProductController))
#10 C:\xampp\htdocs\wdpf55_codignator\codeigniter4-one\system\CodeIgniter.php(361): CodeIgniter\CodeIgniter->handleRequest(NULL, Object(Config\Cache), false)
#11 C:\xampp\htdocs\wdpf55_codignator\codeigniter4-one\public\index.php(79): CodeIgniter\CodeIgniter->run()
#12 C:\xampp\htdocs\wdpf55_codignator\codeigniter4-one\system\Commands\Server\rewrite.php(47): require_once('C:\\xampp\\htdocs...')
#13 {main}
CRITICAL - 2023-12-10 04:48:30 --> Unknown column 'category' in 'field list'
in SYSTEMPATH\Database\BaseConnection.php on line 647.
 1 SYSTEMPATH\Database\BaseBuilder.php(2308): CodeIgniter\Database\BaseConnection->query('INSERT INTO `products` (`product`, `category`, `price`, `sku`, `model`, `photo`) VALUES (:product:, :category:, :price:, :sku:, :model:, :photo:)', [...], false)
 2 SYSTEMPATH\Model.php(319): CodeIgniter\Database\BaseBuilder->insert()
 3 SYSTEMPATH\BaseModel.php(788): CodeIgniter\Model->doInsert([...])
 4 SYSTEMPATH\Model.php(715): CodeIgniter\BaseModel->insert([...], true)
 5 APPPATH\Controllers\ProductController.php(69): CodeIgniter\Model->insert([...])
 6 SYSTEMPATH\CodeIgniter.php(942): App\Controllers\ProductController->store()
 7 SYSTEMPATH\CodeIgniter.php(502): CodeIgniter\CodeIgniter->runController(Object(App\Controllers\ProductController))
 8 SYSTEMPATH\CodeIgniter.php(361): CodeIgniter\CodeIgniter->handleRequest(null, Object(Config\Cache), false)
 9 FCPATH\index.php(79): CodeIgniter\CodeIgniter->run()
10 SYSTEMPATH\Commands\Server\rewrite.php(47): require_once('C:\\xampp\\htdocs\\wdpf55_codignator\\codeigniter4-one\\public\\index.php')
INFO - 2023-12-10 04:49:23 --> Session: Class initialized using 'CodeIgniter\Session\Handlers\FileHandler' driver.
ERROR - 2023-12-10 04:49:23 --> mysqli_sql_exception: Unknown column 'category' in 'field list' in C:\xampp\htdocs\wdpf55_codignator\codeigniter4-one\system\Database\MySQLi\Connection.php:306
Stack trace:
#0 C:\xampp\htdocs\wdpf55_codignator\codeigniter4-one\system\Database\MySQLi\Connection.php(306): mysqli->query('INSERT INTO `pr...', 0)
#1 C:\xampp\htdocs\wdpf55_codignator\codeigniter4-one\system\Database\BaseConnection.php(693): CodeIgniter\Database\MySQLi\Connection->execute('INSERT INTO `pr...')
#2 C:\xampp\htdocs\wdpf55_codignator\codeigniter4-one\system\Database\BaseConnection.php(607): CodeIgniter\Database\BaseConnection->simpleQuery('INSERT INTO `pr...')
#3 C:\xampp\htdocs\wdpf55_codignator\codeigniter4-one\system\Database\BaseBuilder.php(2308): CodeIgniter\Database\BaseConnection->query('INSERT INTO `pr...', Array, false)
#4 C:\xampp\htdocs\wdpf55_codignator\codeigniter4-one\system\Model.php(319): CodeIgniter\Database\BaseBuilder->insert()
#5 C:\xampp\htdocs\wdpf55_codignator\codeigniter4-one\system\BaseModel.php(788): CodeIgniter\Model->doInsert(Array)
#6 C:\xampp\htdocs\wdpf55_codignator\codeigniter4-one\system\Model.php(715): CodeIgniter\BaseModel->insert(Array, true)
#7 C:\xampp\htdocs\wdpf55_codignator\codeigniter4-one\app\Controllers\ProductController.php(69): CodeIgniter\Model->insert(Array)
#8 C:\xampp\htdocs\wdpf55_codignator\codeigniter4-one\system\CodeIgniter.php(942): App\Controllers\ProductController->store()
#9 C:\xampp\htdocs\wdpf55_codignator\codeigniter4-one\system\CodeIgniter.php(502): CodeIgniter\CodeIgniter->runController(Object(App\Controllers\ProductController))
#10 C:\xampp\htdocs\wdpf55_codignator\codeigniter4-one\system\CodeIgniter.php(361): CodeIgniter\CodeIgniter->handleRequest(NULL, Object(Config\Cache), false)
#11 C:\xampp\htdocs\wdpf55_codignator\codeigniter4-one\public\index.php(79): CodeIgniter\CodeIgniter->run()
#12 C:\xampp\htdocs\wdpf55_codignator\codeigniter4-one\system\Commands\Server\rewrite.php(47): require_once('C:\\xampp\\htdocs...')
#13 {main}
CRITICAL - 2023-12-10 04:49:23 --> Unknown column 'category' in 'field list'
in SYSTEMPATH\Database\BaseConnection.php on line 647.
 1 SYSTEMPATH\Database\BaseBuilder.php(2308): CodeIgniter\Database\BaseConnection->query('INSERT INTO `products` (`product`, `category`, `price`, `sku`, `model`, `photo`) VALUES (:product:, :category:, :price:, :sku:, :model:, :photo:)', [...], false)
 2 SYSTEMPATH\Model.php(319): CodeIgniter\Database\BaseBuilder->insert()
 3 SYSTEMPATH\BaseModel.php(788): CodeIgniter\Model->doInsert([...])
 4 SYSTEMPATH\Model.php(715): CodeIgniter\BaseModel->insert([...], true)
 5 APPPATH\Controllers\ProductController.php(69): CodeIgniter\Model->insert([...])
 6 SYSTEMPATH\CodeIgniter.php(942): App\Controllers\ProductController->store()
 7 SYSTEMPATH\CodeIgniter.php(502): CodeIgniter\CodeIgniter->runController(Object(App\Controllers\ProductController))
 8 SYSTEMPATH\CodeIgniter.php(361): CodeIgniter\CodeIgniter->handleRequest(null, Object(Config\Cache), false)
 9 FCPATH\index.php(79): CodeIgniter\CodeIgniter->run()
10 SYSTEMPATH\Commands\Server\rewrite.php(47): require_once('C:\\xampp\\htdocs\\wdpf55_codignator\\codeigniter4-one\\public\\index.php')
INFO - 2023-12-10 04:50:48 --> Session: Class initialized using 'CodeIgniter\Session\Handlers\FileHandler' driver.
ERROR - 2023-12-10 04:50:48 --> mysqli_sql_exception: Unknown column 'photo' in 'field list' in C:\xampp\htdocs\wdpf55_codignator\codeigniter4-one\system\Database\MySQLi\Connection.php:306
Stack trace:
#0 C:\xampp\htdocs\wdpf55_codignator\codeigniter4-one\system\Database\MySQLi\Connection.php(306): mysqli->query('INSERT INTO `pr...', 0)
#1 C:\xampp\htdocs\wdpf55_codignator\codeigniter4-one\system\Database\BaseConnection.php(693): CodeIgniter\Database\MySQLi\Connection->execute('INSERT INTO `pr...')
#2 C:\xampp\htdocs\wdpf55_codignator\codeigniter4-one\system\Database\BaseConnection.php(607): CodeIgniter\Database\BaseConnection->simpleQuery('INSERT INTO `pr...')
#3 C:\xampp\htdocs\wdpf55_codignator\codeigniter4-one\system\Database\BaseBuilder.php(2308): CodeIgniter\Database\BaseConnection->query('INSERT INTO `pr...', Array, false)
#4 C:\xampp\htdocs\wdpf55_codignator\codeigniter4-one\system\Model.php(319): CodeIgniter\Database\BaseBuilder->insert()
#5 C:\xampp\htdocs\wdpf55_codignator\codeigniter4-one\system\BaseModel.php(788): CodeIgniter\Model->doInsert(Array)
#6 C:\xampp\htdocs\wdpf55_codignator\codeigniter4-one\system\Model.php(715): CodeIgniter\BaseModel->insert(Array, true)
#7 C:\xampp\htdocs\wdpf55_codignator\codeigniter4-one\app\Controllers\ProductController.php(69): CodeIgniter\Model->insert(Array)
#8 C:\xampp\htdocs\wdpf55_codignator\codeigniter4-one\system\CodeIgniter.php(942): App\Controllers\ProductController->store()
#9 C:\xampp\htdocs\wdpf55_codignator\codeigniter4-one\system\CodeIgniter.php(502): CodeIgniter\CodeIgniter->runController(Object(App\Controllers\ProductController))
#10 C:\xampp\htdocs\wdpf55_codignator\codeigniter4-one\system\CodeIgniter.php(361): CodeIgniter\CodeIgniter->handleRequest(NULL, Object(Config\Cache), false)
#11 C:\xampp\htdocs\wdpf55_codignator\codeigniter4-one\public\index.php(79): CodeIgniter\CodeIgniter->run()
#12 C:\xampp\htdocs\wdpf55_codignator\codeigniter4-one\system\Commands\Server\rewrite.php(47): require_once('C:\\xampp\\htdocs...')
#13 {main}
CRITICAL - 2023-12-10 04:50:48 --> Unknown column 'photo' in 'field list'
in SYSTEMPATH\Database\BaseConnection.php on line 647.
 1 SYSTEMPATH\Database\BaseBuilder.php(2308): CodeIgniter\Database\BaseConnection->query('INSERT INTO `products` (`product`, `price`, `sku`, `model`, `photo`) VALUES (:product:, :price:, :sku:, :model:, :photo:)', [...], false)
 2 SYSTEMPATH\Model.php(319): CodeIgniter\Database\BaseBuilder->insert()
 3 SYSTEMPATH\BaseModel.php(788): CodeIgniter\Model->doInsert([...])
 4 SYSTEMPATH\Model.php(715): CodeIgniter\BaseModel->insert([...], true)
 5 APPPATH\Controllers\ProductController.php(69): CodeIgniter\Model->insert([...])
 6 SYSTEMPATH\CodeIgniter.php(942): App\Controllers\ProductController->store()
 7 SYSTEMPATH\CodeIgniter.php(502): CodeIgniter\CodeIgniter->runController(Object(App\Controllers\ProductController))
 8 SYSTEMPATH\CodeIgniter.php(361): CodeIgniter\CodeIgniter->handleRequest(null, Object(Config\Cache), false)
 9 FCPATH\index.php(79): CodeIgniter\CodeIgniter->run()
10 SYSTEMPATH\Commands\Server\rewrite.php(47): require_once('C:\\xampp\\htdocs\\wdpf55_codignator\\codeigniter4-one\\public\\index.php')
INFO - 2023-12-10 04:53:18 --> Session: Class initialized using 'CodeIgniter\Session\Handlers\FileHandler' driver.
ERROR - 2023-12-10 04:53:18 --> mysqli_sql_exception: Cannot add or update a child row: a foreign key constraint fails (`codeignitor1`.`products`, CONSTRAINT `products_category_id_foreign` FOREIGN KEY (`category_id`) REFERENCES `category` (`id`) ON DELETE CASCADE ON UPDATE CASCADE) in C:\xampp\htdocs\wdpf55_codignator\codeigniter4-one\system\Database\MySQLi\Connection.php:306
Stack trace:
#0 C:\xampp\htdocs\wdpf55_codignator\codeigniter4-one\system\Database\MySQLi\Connection.php(306): mysqli->query('INSERT INTO `pr...', 0)
#1 C:\xampp\htdocs\wdpf55_codignator\codeigniter4-one\system\Database\BaseConnection.php(693): CodeIgniter\Database\MySQLi\Connection->execute('INSERT INTO `pr...')
#2 C:\xampp\htdocs\wdpf55_codignator\codeigniter4-one\system\Database\BaseConnection.php(607): CodeIgniter\Database\BaseConnection->simpleQuery('INSERT INTO `pr...')
#3 C:\xampp\htdocs\wdpf55_codignator\codeigniter4-one\system\Database\BaseBuilder.php(2308): CodeIgniter\Database\BaseConnection->query('INSERT INTO `pr...', Array, false)
#4 C:\xampp\htdocs\wdpf55_codignator\codeigniter4-one\system\Model.php(319): CodeIgniter\Database\BaseBuilder->insert()
#5 C:\xampp\htdocs\wdpf55_codignator\codeigniter4-one\system\BaseModel.php(788): CodeIgniter\Model->doInsert(Array)
#6 C:\xampp\htdocs\wdpf55_codignator\codeigniter4-one\system\Model.php(715): CodeIgniter\BaseModel->insert(Array, true)
#7 C:\xampp\htdocs\wdpf55_codignator\codeigniter4-one\app\Controllers\ProductController.php(69): CodeIgniter\Model->insert(Array)
#8 C:\xampp\htdocs\wdpf55_codignator\codeigniter4-one\system\CodeIgniter.php(942): App\Controllers\ProductController->store()
#9 C:\xampp\htdocs\wdpf55_codignator\codeigniter4-one\system\CodeIgniter.php(502): CodeIgniter\CodeIgniter->runController(Object(App\Controllers\ProductController))
#10 C:\xampp\htdocs\wdpf55_codignator\codeigniter4-one\system\CodeIgniter.php(361): CodeIgniter\CodeIgniter->handleRequest(NULL, Object(Config\Cache), false)
#11 C:\xampp\htdocs\wdpf55_codignator\codeigniter4-one\public\index.php(79): CodeIgniter\CodeIgniter->run()
#12 C:\xampp\htdocs\wdpf55_codignator\codeigniter4-one\system\Commands\Server\rewrite.php(47): require_once('C:\\xampp\\htdocs...')
#13 {main}
CRITICAL - 2023-12-10 04:53:18 --> Cannot add or update a child row: a foreign key constraint fails (`codeignitor1`.`products`, CONSTRAINT `products_category_id_foreign` FOREIGN KEY (`category_id`) REFERENCES `category` (`id`) ON DELETE CASCADE ON UPDATE CASCADE)
in SYSTEMPATH\Database\BaseConnection.php on line 647.
 1 SYSTEMPATH\Database\BaseBuilder.php(2308): CodeIgniter\Database\BaseConnection->query('INSERT INTO `products` (`product`, `price`, `sku`, `model`, `photo`) VALUES (:product:, :price:, :sku:, :model:, :photo:)', [...], false)
 2 SYSTEMPATH\Model.php(319): CodeIgniter\Database\BaseBuilder->insert()
 3 SYSTEMPATH\BaseModel.php(788): CodeIgniter\Model->doInsert([...])
 4 SYSTEMPATH\Model.php(715): CodeIgniter\BaseModel->insert([...], true)
 5 APPPATH\Controllers\ProductController.php(69): CodeIgniter\Model->insert([...])
 6 SYSTEMPATH\CodeIgniter.php(942): App\Controllers\ProductController->store()
 7 SYSTEMPATH\CodeIgniter.php(502): CodeIgniter\CodeIgniter->runController(Object(App\Controllers\ProductController))
 8 SYSTEMPATH\CodeIgniter.php(361): CodeIgniter\CodeIgniter->handleRequest(null, Object(Config\Cache), false)
 9 FCPATH\index.php(79): CodeIgniter\CodeIgniter->run()
10 SYSTEMPATH\Commands\Server\rewrite.php(47): require_once('C:\\xampp\\htdocs\\wdpf55_codignator\\codeigniter4-one\\public\\index.php')
INFO - 2023-12-10 05:03:07 --> Session: Class initialized using 'CodeIgniter\Session\Handlers\FileHandler' driver.
ERROR - 2023-12-10 05:03:07 --> mysqli_sql_exception: Cannot add or update a child row: a foreign key constraint fails (`codeignitor1`.`products`, CONSTRAINT `products_category_id_foreign` FOREIGN KEY (`category_id`) REFERENCES `category` (`id`) ON DELETE CASCADE ON UPDATE CASCADE) in C:\xampp\htdocs\wdpf55_codignator\codeigniter4-one\system\Database\MySQLi\Connection.php:306
Stack trace:
#0 C:\xampp\htdocs\wdpf55_codignator\codeigniter4-one\system\Database\MySQLi\Connection.php(306): mysqli->query('INSERT INTO `pr...', 0)
#1 C:\xampp\htdocs\wdpf55_codignator\codeigniter4-one\system\Database\BaseConnection.php(693): CodeIgniter\Database\MySQLi\Connection->execute('INSERT INTO `pr...')
#2 C:\xampp\htdocs\wdpf55_codignator\codeigniter4-one\system\Database\BaseConnection.php(607): CodeIgniter\Database\BaseConnection->simpleQuery('INSERT INTO `pr...')
#3 C:\xampp\htdocs\wdpf55_codignator\codeigniter4-one\system\Database\BaseBuilder.php(2308): CodeIgniter\Database\BaseConnection->query('INSERT INTO `pr...', Array, false)
#4 C:\xampp\htdocs\wdpf55_codignator\codeigniter4-one\system\Model.php(319): CodeIgniter\Database\BaseBuilder->insert()
#5 C:\xampp\htdocs\wdpf55_codignator\codeigniter4-one\system\BaseModel.php(788): CodeIgniter\Model->doInsert(Array)
#6 C:\xampp\htdocs\wdpf55_codignator\codeigniter4-one\system\Model.php(715): CodeIgniter\BaseModel->insert(Array, true)
#7 C:\xampp\htdocs\wdpf55_codignator\codeigniter4-one\app\Controllers\ProductController.php(69): CodeIgniter\Model->insert(Array)
#8 C:\xampp\htdocs\wdpf55_codignator\codeigniter4-one\system\CodeIgniter.php(942): App\Controllers\ProductController->store()
#9 C:\xampp\htdocs\wdpf55_codignator\codeigniter4-one\system\CodeIgniter.php(502): CodeIgniter\CodeIgniter->runController(Object(App\Controllers\ProductController))
#10 C:\xampp\htdocs\wdpf55_codignator\codeigniter4-one\system\CodeIgniter.php(361): CodeIgniter\CodeIgniter->handleRequest(NULL, Object(Config\Cache), false)
#11 C:\xampp\htdocs\wdpf55_codignator\codeigniter4-one\public\index.php(79): CodeIgniter\CodeIgniter->run()
#12 C:\xampp\htdocs\wdpf55_codignator\codeigniter4-one\system\Commands\Server\rewrite.php(47): require_once('C:\\xampp\\htdocs...')
#13 {main}
CRITICAL - 2023-12-10 05:03:07 --> Cannot add or update a child row: a foreign key constraint fails (`codeignitor1`.`products`, CONSTRAINT `products_category_id_foreign` FOREIGN KEY (`category_id`) REFERENCES `category` (`id`) ON DELETE CASCADE ON UPDATE CASCADE)
in SYSTEMPATH\Database\BaseConnection.php on line 647.
 1 SYSTEMPATH\Database\BaseBuilder.php(2308): CodeIgniter\Database\BaseConnection->query('INSERT INTO `products` (`product`, `price`, `sku`, `model`, `photo`) VALUES (:product:, :price:, :sku:, :model:, :photo:)', [...], false)
 2 SYSTEMPATH\Model.php(319): CodeIgniter\Database\BaseBuilder->insert()
 3 SYSTEMPATH\BaseModel.php(788): CodeIgniter\Model->doInsert([...])
 4 SYSTEMPATH\Model.php(715): CodeIgniter\BaseModel->insert([...], true)
 5 APPPATH\Controllers\ProductController.php(69): CodeIgniter\Model->insert([...])
 6 SYSTEMPATH\CodeIgniter.php(942): App\Controllers\ProductController->store()
 7 SYSTEMPATH\CodeIgniter.php(502): CodeIgniter\CodeIgniter->runController(Object(App\Controllers\ProductController))
 8 SYSTEMPATH\CodeIgniter.php(361): CodeIgniter\CodeIgniter->handleRequest(null, Object(Config\Cache), false)
 9 FCPATH\index.php(79): CodeIgniter\CodeIgniter->run()
10 SYSTEMPATH\Commands\Server\rewrite.php(47): require_once('C:\\xampp\\htdocs\\wdpf55_codignator\\codeigniter4-one\\public\\index.php')
INFO - 2023-12-10 05:03:10 --> Session: Class initialized using 'CodeIgniter\Session\Handlers\FileHandler' driver.
INFO - 2023-12-10 05:03:16 --> Session: Class initialized using 'CodeIgniter\Session\Handlers\FileHandler' driver.
INFO - 2023-12-10 05:03:41 --> Session: Class initialized using 'CodeIgniter\Session\Handlers\FileHandler' driver.
ERROR - 2023-12-10 05:03:41 --> mysqli_sql_exception: Cannot add or update a child row: a foreign key constraint fails (`codeignitor1`.`products`, CONSTRAINT `products_category_id_foreign` FOREIGN KEY (`category_id`) REFERENCES `category` (`id`) ON DELETE CASCADE ON UPDATE CASCADE) in C:\xampp\htdocs\wdpf55_codignator\codeigniter4-one\system\Database\MySQLi\Connection.php:306
Stack trace:
#0 C:\xampp\htdocs\wdpf55_codignator\codeigniter4-one\system\Database\MySQLi\Connection.php(306): mysqli->query('INSERT INTO `pr...', 0)
#1 C:\xampp\htdocs\wdpf55_codignator\codeigniter4-one\system\Database\BaseConnection.php(693): CodeIgniter\Database\MySQLi\Connection->execute('INSERT INTO `pr...')
#2 C:\xampp\htdocs\wdpf55_codignator\codeigniter4-one\system\Database\BaseConnection.php(607): CodeIgniter\Database\BaseConnection->simpleQuery('INSERT INTO `pr...')
#3 C:\xampp\htdocs\wdpf55_codignator\codeigniter4-one\system\Database\BaseBuilder.php(2308): CodeIgniter\Database\BaseConnection->query('INSERT INTO `pr...', Array, false)
#4 C:\xampp\htdocs\wdpf55_codignator\codeigniter4-one\system\Model.php(319): CodeIgniter\Database\BaseBuilder->insert()
#5 C:\xampp\htdocs\wdpf55_codignator\codeigniter4-one\system\BaseModel.php(788): CodeIgniter\Model->doInsert(Array)
#6 C:\xampp\htdocs\wdpf55_codignator\codeigniter4-one\system\Model.php(715): CodeIgniter\BaseModel->insert(Array, true)
#7 C:\xampp\htdocs\wdpf55_codignator\codeigniter4-one\app\Controllers\ProductController.php(69): CodeIgniter\Model->insert(Array)
#8 C:\xampp\htdocs\wdpf55_codignator\codeigniter4-one\system\CodeIgniter.php(942): App\Controllers\ProductController->store()
#9 C:\xampp\htdocs\wdpf55_codignator\codeigniter4-one\system\CodeIgniter.php(502): CodeIgniter\CodeIgniter->runController(Object(App\Controllers\ProductController))
#10 C:\xampp\htdocs\wdpf55_codignator\codeigniter4-one\system\CodeIgniter.php(361): CodeIgniter\CodeIgniter->handleRequest(NULL, Object(Config\Cache), false)
#11 C:\xampp\htdocs\wdpf55_codignator\codeigniter4-one\public\index.php(79): CodeIgniter\CodeIgniter->run()
#12 C:\xampp\htdocs\wdpf55_codignator\codeigniter4-one\system\Commands\Server\rewrite.php(47): require_once('C:\\xampp\\htdocs...')
#13 {main}
CRITICAL - 2023-12-10 05:03:41 --> Cannot add or update a child row: a foreign key constraint fails (`codeignitor1`.`products`, CONSTRAINT `products_category_id_foreign` FOREIGN KEY (`category_id`) REFERENCES `category` (`id`) ON DELETE CASCADE ON UPDATE CASCADE)
in SYSTEMPATH\Database\BaseConnection.php on line 647.
 1 SYSTEMPATH\Database\BaseBuilder.php(2308): CodeIgniter\Database\BaseConnection->query('INSERT INTO `products` (`product`, `price`, `sku`, `model`, `photo`) VALUES (:product:, :price:, :sku:, :model:, :photo:)', [...], false)
 2 SYSTEMPATH\Model.php(319): CodeIgniter\Database\BaseBuilder->insert()
 3 SYSTEMPATH\BaseModel.php(788): CodeIgniter\Model->doInsert([...])
 4 SYSTEMPATH\Model.php(715): CodeIgniter\BaseModel->insert([...], true)
 5 APPPATH\Controllers\ProductController.php(69): CodeIgniter\Model->insert([...])
 6 SYSTEMPATH\CodeIgniter.php(942): App\Controllers\ProductController->store()
 7 SYSTEMPATH\CodeIgniter.php(502): CodeIgniter\CodeIgniter->runController(Object(App\Controllers\ProductController))
 8 SYSTEMPATH\CodeIgniter.php(361): CodeIgniter\CodeIgniter->handleRequest(null, Object(Config\Cache), false)
 9 FCPATH\index.php(79): CodeIgniter\CodeIgniter->run()
10 SYSTEMPATH\Commands\Server\rewrite.php(47): require_once('C:\\xampp\\htdocs\\wdpf55_codignator\\codeigniter4-one\\public\\index.php')
INFO - 2023-12-10 05:47:55 --> Session: Class initialized using 'CodeIgniter\Session\Handlers\FileHandler' driver.
INFO - 2023-12-10 05:49:24 --> Session: Class initialized using 'CodeIgniter\Session\Handlers\FileHandler' driver.
INFO - 2023-12-10 05:49:38 --> Session: Class initialized using 'CodeIgniter\Session\Handlers\FileHandler' driver.
CRITICAL - 2023-12-10 05:49:38 --> Undefined variable: cats
in APPPATH\Views\products\create.php on line 70.
 1 APPPATH\Views\products\create.php(70): CodeIgniter\Debug\Exceptions->errorHandler(8, 'Undefined variable: cats', 'C:\\xampp\\htdocs\\wdpf55_codignator\\codeigniter4-one\\app\\Views\\products\\create.php', 70, [])
 2 SYSTEMPATH\View\View.php(228): include('C:\\xampp\\htdocs\\wdpf55_codignator\\codeigniter4-one\\app\\Views\\products\\create.php')
 3 SYSTEMPATH\View\View.php(231): CodeIgniter\View\View->CodeIgniter\View\{closure}()
 4 SYSTEMPATH\Common.php(1190): CodeIgniter\View\View->render('/products/create', [], true)
 5 APPPATH\Controllers\ProductController.php(64): view('/products/create')
 6 SYSTEMPATH\CodeIgniter.php(942): App\Controllers\ProductController->store()
 7 SYSTEMPATH\CodeIgniter.php(502): CodeIgniter\CodeIgniter->runController(Object(App\Controllers\ProductController))
 8 SYSTEMPATH\CodeIgniter.php(361): CodeIgniter\CodeIgniter->handleRequest(null, Object(Config\Cache), false)
 9 FCPATH\index.php(79): CodeIgniter\CodeIgniter->run()
10 SYSTEMPATH\Commands\Server\rewrite.php(47): require_once('C:\\xampp\\htdocs\\wdpf55_codignator\\codeigniter4-one\\public\\index.php')
INFO - 2023-12-10 05:49:51 --> Session: Class initialized using 'CodeIgniter\Session\Handlers\FileHandler' driver.
INFO - 2023-12-10 05:50:32 --> Session: Class initialized using 'CodeIgniter\Session\Handlers\FileHandler' driver.
INFO - 2023-12-10 05:50:45 --> Session: Class initialized using 'CodeIgniter\Session\Handlers\FileHandler' driver.
ERROR - 2023-12-10 05:50:45 --> mysqli_sql_exception: Unknown column 'photo' in 'field list' in C:\xampp\htdocs\wdpf55_codignator\codeigniter4-one\system\Database\MySQLi\Connection.php:306
Stack trace:
#0 C:\xampp\htdocs\wdpf55_codignator\codeigniter4-one\system\Database\MySQLi\Connection.php(306): mysqli->query('INSERT INTO `pr...', 0)
#1 C:\xampp\htdocs\wdpf55_codignator\codeigniter4-one\system\Database\BaseConnection.php(693): CodeIgniter\Database\MySQLi\Connection->execute('INSERT INTO `pr...')
#2 C:\xampp\htdocs\wdpf55_codignator\codeigniter4-one\system\Database\BaseConnection.php(607): CodeIgniter\Database\BaseConnection->simpleQuery('INSERT INTO `pr...')
#3 C:\xampp\htdocs\wdpf55_codignator\codeigniter4-one\system\Database\BaseBuilder.php(2308): CodeIgniter\Database\BaseConnection->query('INSERT INTO `pr...', Array, false)
#4 C:\xampp\htdocs\wdpf55_codignator\codeigniter4-one\system\Model.php(319): CodeIgniter\Database\BaseBuilder->insert()
#5 C:\xampp\htdocs\wdpf55_codignator\codeigniter4-one\system\BaseModel.php(788): CodeIgniter\Model->doInsert(Array)
#6 C:\xampp\htdocs\wdpf55_codignator\codeigniter4-one\system\Model.php(715): CodeIgniter\BaseModel->insert(Array, true)
#7 C:\xampp\htdocs\wdpf55_codignator\codeigniter4-one\app\Controllers\ProductController.php(69): CodeIgniter\Model->insert(Array)
#8 C:\xampp\htdocs\wdpf55_codignator\codeigniter4-one\system\CodeIgniter.php(942): App\Controllers\ProductController->store()
#9 C:\xampp\htdocs\wdpf55_codignator\codeigniter4-one\system\CodeIgniter.php(502): CodeIgniter\CodeIgniter->runController(Object(App\Controllers\ProductController))
#10 C:\xampp\htdocs\wdpf55_codignator\codeigniter4-one\system\CodeIgniter.php(361): CodeIgniter\CodeIgniter->handleRequest(NULL, Object(Config\Cache), false)
#11 C:\xampp\htdocs\wdpf55_codignator\codeigniter4-one\public\index.php(79): CodeIgniter\CodeIgniter->run()
#12 C:\xampp\htdocs\wdpf55_codignator\codeigniter4-one\system\Commands\Server\rewrite.php(47): require_once('C:\\xampp\\htdocs...')
#13 {main}
CRITICAL - 2023-12-10 05:50:45 --> Unknown column 'photo' in 'field list'
in SYSTEMPATH\Database\BaseConnection.php on line 647.
 1 SYSTEMPATH\Database\BaseBuilder.php(2308): CodeIgniter\Database\BaseConnection->query('INSERT INTO `products` (`product`, `price`, `sku`, `model`, `photo`) VALUES (:product:, :price:, :sku:, :model:, :photo:)', [...], false)
 2 SYSTEMPATH\Model.php(319): CodeIgniter\Database\BaseBuilder->insert()
 3 SYSTEMPATH\BaseModel.php(788): CodeIgniter\Model->doInsert([...])
 4 SYSTEMPATH\Model.php(715): CodeIgniter\BaseModel->insert([...], true)
 5 APPPATH\Controllers\ProductController.php(69): CodeIgniter\Model->insert([...])
 6 SYSTEMPATH\CodeIgniter.php(942): App\Controllers\ProductController->store()
 7 SYSTEMPATH\CodeIgniter.php(502): CodeIgniter\CodeIgniter->runController(Object(App\Controllers\ProductController))
 8 SYSTEMPATH\CodeIgniter.php(361): CodeIgniter\CodeIgniter->handleRequest(null, Object(Config\Cache), false)
 9 FCPATH\index.php(79): CodeIgniter\CodeIgniter->run()
10 SYSTEMPATH\Commands\Server\rewrite.php(47): require_once('C:\\xampp\\htdocs\\wdpf55_codignator\\codeigniter4-one\\public\\index.php')
INFO - 2023-12-10 05:53:03 --> Session: Class initialized using 'CodeIgniter\Session\Handlers\FileHandler' driver.
INFO - 2023-12-10 05:53:09 --> Session: Class initialized using 'CodeIgniter\Session\Handlers\FileHandler' driver.
INFO - 2023-12-10 05:53:10 --> Session: Class initialized using 'CodeIgniter\Session\Handlers\FileHandler' driver.
INFO - 2023-12-10 05:53:24 --> Session: Class initialized using 'CodeIgniter\Session\Handlers\FileHandler' driver.
INFO - 2023-12-10 05:53:24 --> Session: Class initialized using 'CodeIgniter\Session\Handlers\FileHandler' driver.
INFO - 2023-12-10 05:56:25 --> Session: Class initialized using 'CodeIgniter\Session\Handlers\FileHandler' driver.
INFO - 2023-12-10 05:56:35 --> Session: Class initialized using 'CodeIgniter\Session\Handlers\FileHandler' driver.
INFO - 2023-12-10 05:56:40 --> Session: Class initialized using 'CodeIgniter\Session\Handlers\FileHandler' driver.
INFO - 2023-12-10 05:56:41 --> Session: Class initialized using 'CodeIgniter\Session\Handlers\FileHandler' driver.
INFO - 2023-12-10 05:56:50 --> Session: Class initialized using 'CodeIgniter\Session\Handlers\FileHandler' driver.
INFO - 2023-12-10 05:57:23 --> Session: Class initialized using 'CodeIgniter\Session\Handlers\FileHandler' driver.
INFO - 2023-12-10 05:57:50 --> Session: Class initialized using 'CodeIgniter\Session\Handlers\FileHandler' driver.
INFO - 2023-12-10 05:59:19 --> Session: Class initialized using 'CodeIgniter\Session\Handlers\FileHandler' driver.
INFO - 2023-12-10 05:59:20 --> Session: Class initialized using 'CodeIgniter\Session\Handlers\FileHandler' driver.
INFO - 2023-12-10 05:59:29 --> Session: Class initialized using 'CodeIgniter\Session\Handlers\FileHandler' driver.
INFO - 2023-12-10 06:00:27 --> Session: Class initialized using 'CodeIgniter\Session\Handlers\FileHandler' driver.
CRITICAL - 2023-12-10 06:00:27 --> Undefined variable: cats
in APPPATH\Views\products\create.php on line 70.
 1 APPPATH\Views\products\create.php(70): CodeIgniter\Debug\Exceptions->errorHandler(8, 'Undefined variable: cats', 'C:\\xampp\\htdocs\\wdpf55_codignator\\codeigniter4-one\\app\\Views\\products\\create.php', 70, [])
 2 SYSTEMPATH\View\View.php(228): include('C:\\xampp\\htdocs\\wdpf55_codignator\\codeigniter4-one\\app\\Views\\products\\create.php')
 3 SYSTEMPATH\View\View.php(231): CodeIgniter\View\View->CodeIgniter\View\{closure}()
 4 SYSTEMPATH\Common.php(1190): CodeIgniter\View\View->render('/products/create', [], true)
 5 APPPATH\Controllers\ProductController.php(64): view('/products/create')
 6 SYSTEMPATH\CodeIgniter.php(942): App\Controllers\ProductController->store()
 7 SYSTEMPATH\CodeIgniter.php(502): CodeIgniter\CodeIgniter->runController(Object(App\Controllers\ProductController))
 8 SYSTEMPATH\CodeIgniter.php(361): CodeIgniter\CodeIgniter->handleRequest(null, Object(Config\Cache), false)
 9 FCPATH\index.php(79): CodeIgniter\CodeIgniter->run()
10 SYSTEMPATH\Commands\Server\rewrite.php(47): require_once('C:\\xampp\\htdocs\\wdpf55_codignator\\codeigniter4-one\\public\\index.php')
INFO - 2023-12-10 06:00:36 --> Session: Class initialized using 'CodeIgniter\Session\Handlers\FileHandler' driver.
INFO - 2023-12-10 06:00:41 --> Session: Class initialized using 'CodeIgniter\Session\Handlers\FileHandler' driver.
CRITICAL - 2023-12-10 06:00:42 --> Undefined variable: cats
in APPPATH\Views\products\create.php on line 70.
 1 APPPATH\Views\products\create.php(70): CodeIgniter\Debug\Exceptions->errorHandler(8, 'Undefined variable: cats', 'C:\\xampp\\htdocs\\wdpf55_codignator\\codeigniter4-one\\app\\Views\\products\\create.php', 70, [])
 2 SYSTEMPATH\View\View.php(228): include('C:\\xampp\\htdocs\\wdpf55_codignator\\codeigniter4-one\\app\\Views\\products\\create.php')
 3 SYSTEMPATH\View\View.php(231): CodeIgniter\View\View->CodeIgniter\View\{closure}()
 4 SYSTEMPATH\Common.php(1190): CodeIgniter\View\View->render('/products/create', [], true)
 5 APPPATH\Controllers\ProductController.php(64): view('/products/create')
 6 SYSTEMPATH\CodeIgniter.php(942): App\Controllers\ProductController->store()
 7 SYSTEMPATH\CodeIgniter.php(502): CodeIgniter\CodeIgniter->runController(Object(App\Controllers\ProductController))
 8 SYSTEMPATH\CodeIgniter.php(361): CodeIgniter\CodeIgniter->handleRequest(null, Object(Config\Cache), false)
 9 FCPATH\index.php(79): CodeIgniter\CodeIgniter->run()
10 SYSTEMPATH\Commands\Server\rewrite.php(47): require_once('C:\\xampp\\htdocs\\wdpf55_codignator\\codeigniter4-one\\public\\index.php')
INFO - 2023-12-10 06:00:49 --> Session: Class initialized using 'CodeIgniter\Session\Handlers\FileHandler' driver.
INFO - 2023-12-10 06:00:52 --> Session: Class initialized using 'CodeIgniter\Session\Handlers\FileHandler' driver.
INFO - 2023-12-10 06:00:55 --> Session: Class initialized using 'CodeIgniter\Session\Handlers\FileHandler' driver.
INFO - 2023-12-10 06:01:24 --> Session: Class initialized using 'CodeIgniter\Session\Handlers\FileHandler' driver.
INFO - 2023-12-10 06:01:24 --> Session: Class initialized using 'CodeIgniter\Session\Handlers\FileHandler' driver.
