INFO - 2023-12-09 03:25:15 --> Session: Class initialized using 'CodeIgniter\Session\Handlers\FileHandler' driver.
INFO - 2023-12-09 03:25:15 --> Session: Class initialized using 'CodeIgniter\Session\Handlers\FileHandler' driver.
INFO - 2023-12-09 03:25:22 --> Session: Class initialized using 'CodeIgniter\Session\Handlers\FileHandler' driver.
ERROR - 2023-12-09 03:25:25 --> Error connecting to the database: mysqli_sql_exception: No connection could be made because the target machine actively refused it.
 in C:\xampp\htdocs\wdpf55_codignator\codeigniter4-one\system\Database\MySQLi\Connection.php:185
Stack trace:
#0 C:\xampp\htdocs\wdpf55_codignator\codeigniter4-one\system\Database\MySQLi\Connection.php(185): mysqli->real_connect('localhost', 'root', '', 'codeignitor1', 3306, '', 0)
#1 C:\xampp\htdocs\wdpf55_codignator\codeigniter4-one\system\Database\BaseConnection.php(392): CodeIgniter\Database\MySQLi\Connection->connect(false)
#2 C:\xampp\htdocs\wdpf55_codignator\codeigniter4-one\system\Database\BaseConnection.php(575): CodeIgniter\Database\BaseConnection->initialize()
#3 C:\xampp\htdocs\wdpf55_codignator\codeigniter4-one\system\Database\BaseBuilder.php(1615): CodeIgniter\Database\BaseConnection->query('SELECT *\nFROM `...', Array, false)
#4 C:\xampp\htdocs\wdpf55_codignator\codeigniter4-one\system\Model.php(264): CodeIgniter\Database\BaseBuilder->get()
#5 C:\xampp\htdocs\wdpf55_codignator\codeigniter4-one\system\BaseModel.php(662): CodeIgniter\Model->doFirst()
#6 C:\xampp\htdocs\wdpf55_codignator\codeigniter4-one\app\Controllers\LoginController.php(28): CodeIgniter\BaseModel->first()
#7 C:\xampp\htdocs\wdpf55_codignator\codeigniter4-one\system\CodeIgniter.php(942): App\Controllers\LoginController->login()
#8 C:\xampp\htdocs\wdpf55_codignator\codeigniter4-one\system\CodeIgniter.php(502): CodeIgniter\CodeIgniter->runController(Object(App\Controllers\LoginController))
#9 C:\xampp\htdocs\wdpf55_codignator\codeigniter4-one\system\CodeIgniter.php(361): CodeIgniter\CodeIgniter->handleRequest(NULL, Object(Config\Cache), false)
#10 C:\xampp\htdocs\wdpf55_codignator\codeigniter4-one\public\index.php(79): CodeIgniter\CodeIgniter->run()
#11 C:\xampp\htdocs\wdpf55_codignator\codeigniter4-one\system\Commands\Server\rewrite.php(47): require_once('C:\\xampp\\htdocs...')
#12 {main}

Next CodeIgniter\Database\Exceptions\DatabaseException: No connection could be made because the target machine actively refused it.
 in C:\xampp\htdocs\wdpf55_codignator\codeigniter4-one\system\Database\MySQLi\Connection.php:229
Stack trace:
#0 C:\xampp\htdocs\wdpf55_codignator\codeigniter4-one\system\Database\BaseConnection.php(392): CodeIgniter\Database\MySQLi\Connection->connect(false)
#1 C:\xampp\htdocs\wdpf55_codignator\codeigniter4-one\system\Database\BaseConnection.php(575): CodeIgniter\Database\BaseConnection->initialize()
#2 C:\xampp\htdocs\wdpf55_codignator\codeigniter4-one\system\Database\BaseBuilder.php(1615): CodeIgniter\Database\BaseConnection->query('SELECT *\nFROM `...', Array, false)
#3 C:\xampp\htdocs\wdpf55_codignator\codeigniter4-one\system\Model.php(264): CodeIgniter\Database\BaseBuilder->get()
#4 C:\xampp\htdocs\wdpf55_codignator\codeigniter4-one\system\BaseModel.php(662): CodeIgniter\Model->doFirst()
#5 C:\xampp\htdocs\wdpf55_codignator\codeigniter4-one\app\Controllers\LoginController.php(28): CodeIgniter\BaseModel->first()
#6 C:\xampp\htdocs\wdpf55_codignator\codeigniter4-one\system\CodeIgniter.php(942): App\Controllers\LoginController->login()
#7 C:\xampp\htdocs\wdpf55_codignator\codeigniter4-one\system\CodeIgniter.php(502): CodeIgniter\CodeIgniter->runController(Object(App\Controllers\LoginController))
#8 C:\xampp\htdocs\wdpf55_codignator\codeigniter4-one\system\CodeIgniter.php(361): CodeIgniter\CodeIgniter->handleRequest(NULL, Object(Config\Cache), false)
#9 C:\xampp\htdocs\wdpf55_codignator\codeigniter4-one\public\index.php(79): CodeIgniter\CodeIgniter->run()
#10 C:\xampp\htdocs\wdpf55_codignator\codeigniter4-one\system\Commands\Server\rewrite.php(47): require_once('C:\\xampp\\htdocs...')
#11 {main}
CRITICAL - 2023-12-09 03:25:25 --> Unable to connect to the database.
Main connection [MySQLi]: No connection could be made because the target machine actively refused it.

in SYSTEMPATH\Database\BaseConnection.php on line 428.
 1 SYSTEMPATH\Database\BaseConnection.php(575): CodeIgniter\Database\BaseConnection->initialize()
 2 SYSTEMPATH\Database\BaseBuilder.php(1615): CodeIgniter\Database\BaseConnection->query('SELECT *
FROM `users`
WHERE `email` = :email:
 LIMIT 1', [...], false)
 3 SYSTEMPATH\Model.php(264): CodeIgniter\Database\BaseBuilder->get()
 4 SYSTEMPATH\BaseModel.php(662): CodeIgniter\Model->doFirst()
 5 APPPATH\Controllers\LoginController.php(28): CodeIgniter\BaseModel->first()
 6 SYSTEMPATH\CodeIgniter.php(942): App\Controllers\LoginController->login()
 7 SYSTEMPATH\CodeIgniter.php(502): CodeIgniter\CodeIgniter->runController(Object(App\Controllers\LoginController))
 8 SYSTEMPATH\CodeIgniter.php(361): CodeIgniter\CodeIgniter->handleRequest(null, Object(Config\Cache), false)
 9 FCPATH\index.php(79): CodeIgniter\CodeIgniter->run()
10 SYSTEMPATH\Commands\Server\rewrite.php(47): require_once('C:\\xampp\\htdocs\\wdpf55_codignator\\codeigniter4-one\\public\\index.php')
INFO - 2023-12-09 03:26:06 --> Session: Class initialized using 'CodeIgniter\Session\Handlers\FileHandler' driver.
INFO - 2023-12-09 03:26:06 --> Session: Class initialized using 'CodeIgniter\Session\Handlers\FileHandler' driver.
INFO - 2023-12-09 03:26:14 --> Session: Class initialized using 'CodeIgniter\Session\Handlers\FileHandler' driver.
INFO - 2023-12-09 03:26:14 --> Session: Class initialized using 'CodeIgniter\Session\Handlers\FileHandler' driver.
INFO - 2023-12-09 03:26:21 --> Session: Class initialized using 'CodeIgniter\Session\Handlers\FileHandler' driver.
INFO - 2023-12-09 03:26:21 --> Session: Class initialized using 'CodeIgniter\Session\Handlers\FileHandler' driver.
INFO - 2023-12-09 03:36:08 --> Session: Class initialized using 'CodeIgniter\Session\Handlers\FileHandler' driver.
INFO - 2023-12-09 03:36:08 --> Session: Class initialized using 'CodeIgniter\Session\Handlers\FileHandler' driver.
INFO - 2023-12-09 03:39:55 --> Session: Class initialized using 'CodeIgniter\Session\Handlers\FileHandler' driver.
INFO - 2023-12-09 03:40:10 --> Session: Class initialized using 'CodeIgniter\Session\Handlers\FileHandler' driver.
INFO - 2023-12-09 03:40:48 --> Session: Class initialized using 'CodeIgniter\Session\Handlers\FileHandler' driver.
INFO - 2023-12-09 03:41:18 --> Session: Class initialized using 'CodeIgniter\Session\Handlers\FileHandler' driver.
CRITICAL - 2023-12-09 03:41:18 --> Undefined variable: name
in APPPATH\Views\includes\topbar.php on line 172.
 1 APPPATH\Views\includes\topbar.php(172): CodeIgniter\Debug\Exceptions->errorHandler(8, 'Undefined variable: name', 'C:\\xampp\\htdocs\\wdpf55_codignator\\codeigniter4-one\\app\\Views\\includes\\topbar.php', 172, [])
 2 SYSTEMPATH\View\View.php(228): include('C:\\xampp\\htdocs\\wdpf55_codignator\\codeigniter4-one\\app\\Views\\includes\\topbar.php')
 3 SYSTEMPATH\View\View.php(231): CodeIgniter\View\View->CodeIgniter\View\{closure}()
 4 SYSTEMPATH\View\View.php(469): CodeIgniter\View\View->render('includes/topbar.php', null, true)
 5 APPPATH\Views\dashboard.php(44): CodeIgniter\View\View->include('includes/topbar.php')
 6 SYSTEMPATH\View\View.php(228): include('C:\\xampp\\htdocs\\wdpf55_codignator\\codeigniter4-one\\app\\Views\\dashboard.php')
 7 SYSTEMPATH\View\View.php(231): CodeIgniter\View\View->CodeIgniter\View\{closure}()
 8 SYSTEMPATH\Common.php(1190): CodeIgniter\View\View->render('dashboard', [], true)
 9 APPPATH\Controllers\AdminHome.php(11): view('dashboard')
10 SYSTEMPATH\CodeIgniter.php(942): App\Controllers\AdminHome->index()
11 SYSTEMPATH\CodeIgniter.php(502): CodeIgniter\CodeIgniter->runController(Object(App\Controllers\AdminHome))
12 SYSTEMPATH\CodeIgniter.php(361): CodeIgniter\CodeIgniter->handleRequest(null, Object(Config\Cache), false)
13 FCPATH\index.php(79): CodeIgniter\CodeIgniter->run()
14 SYSTEMPATH\Commands\Server\rewrite.php(47): require_once('C:\\xampp\\htdocs\\wdpf55_codignator\\codeigniter4-one\\public\\index.php')
INFO - 2023-12-09 03:43:09 --> Session: Class initialized using 'CodeIgniter\Session\Handlers\FileHandler' driver.
CRITICAL - 2023-12-09 03:43:09 --> Undefined variable: name
in APPPATH\Views\includes\topbar.php on line 173.
 1 APPPATH\Views\includes\topbar.php(173): CodeIgniter\Debug\Exceptions->errorHandler(8, 'Undefined variable: name', 'C:\\xampp\\htdocs\\wdpf55_codignator\\codeigniter4-one\\app\\Views\\includes\\topbar.php', 173, [...])
 2 SYSTEMPATH\View\View.php(228): include('C:\\xampp\\htdocs\\wdpf55_codignator\\codeigniter4-one\\app\\Views\\includes\\topbar.php')
 3 SYSTEMPATH\View\View.php(231): CodeIgniter\View\View->CodeIgniter\View\{closure}()
 4 SYSTEMPATH\View\View.php(469): CodeIgniter\View\View->render('includes/topbar.php', null, true)
 5 APPPATH\Views\dashboard.php(44): CodeIgniter\View\View->include('includes/topbar.php')
 6 SYSTEMPATH\View\View.php(228): include('C:\\xampp\\htdocs\\wdpf55_codignator\\codeigniter4-one\\app\\Views\\dashboard.php')
 7 SYSTEMPATH\View\View.php(231): CodeIgniter\View\View->CodeIgniter\View\{closure}()
 8 SYSTEMPATH\Common.php(1190): CodeIgniter\View\View->render('dashboard', [], true)
 9 APPPATH\Controllers\AdminHome.php(11): view('dashboard')
10 SYSTEMPATH\CodeIgniter.php(942): App\Controllers\AdminHome->index()
11 SYSTEMPATH\CodeIgniter.php(502): CodeIgniter\CodeIgniter->runController(Object(App\Controllers\AdminHome))
12 SYSTEMPATH\CodeIgniter.php(361): CodeIgniter\CodeIgniter->handleRequest(null, Object(Config\Cache), false)
13 FCPATH\index.php(79): CodeIgniter\CodeIgniter->run()
14 SYSTEMPATH\Commands\Server\rewrite.php(47): require_once('C:\\xampp\\htdocs\\wdpf55_codignator\\codeigniter4-one\\public\\index.php')
INFO - 2023-12-09 03:44:07 --> Session: Class initialized using 'CodeIgniter\Session\Handlers\FileHandler' driver.
CRITICAL - 2023-12-09 03:44:07 --> Undefined variable: name
in APPPATH\Views\includes\topbar.php on line 173.
 1 APPPATH\Views\includes\topbar.php(173): CodeIgniter\Debug\Exceptions->errorHandler(8, 'Undefined variable: name', 'C:\\xampp\\htdocs\\wdpf55_codignator\\codeigniter4-one\\app\\Views\\includes\\topbar.php', 173, [])
 2 SYSTEMPATH\View\View.php(228): include('C:\\xampp\\htdocs\\wdpf55_codignator\\codeigniter4-one\\app\\Views\\includes\\topbar.php')
 3 SYSTEMPATH\View\View.php(231): CodeIgniter\View\View->CodeIgniter\View\{closure}()
 4 SYSTEMPATH\View\View.php(469): CodeIgniter\View\View->render('includes/topbar.php', null, true)
 5 APPPATH\Views\dashboard.php(44): CodeIgniter\View\View->include('includes/topbar.php')
 6 SYSTEMPATH\View\View.php(228): include('C:\\xampp\\htdocs\\wdpf55_codignator\\codeigniter4-one\\app\\Views\\dashboard.php')
 7 SYSTEMPATH\View\View.php(231): CodeIgniter\View\View->CodeIgniter\View\{closure}()
 8 SYSTEMPATH\Common.php(1190): CodeIgniter\View\View->render('dashboard', [], true)
 9 APPPATH\Controllers\AdminHome.php(11): view('dashboard')
10 SYSTEMPATH\CodeIgniter.php(942): App\Controllers\AdminHome->index()
11 SYSTEMPATH\CodeIgniter.php(502): CodeIgniter\CodeIgniter->runController(Object(App\Controllers\AdminHome))
12 SYSTEMPATH\CodeIgniter.php(361): CodeIgniter\CodeIgniter->handleRequest(null, Object(Config\Cache), false)
13 FCPATH\index.php(79): CodeIgniter\CodeIgniter->run()
14 SYSTEMPATH\Commands\Server\rewrite.php(47): require_once('C:\\xampp\\htdocs\\wdpf55_codignator\\codeigniter4-one\\public\\index.php')
INFO - 2023-12-09 03:44:14 --> Session: Class initialized using 'CodeIgniter\Session\Handlers\FileHandler' driver.
INFO - 2023-12-09 03:47:07 --> Session: Class initialized using 'CodeIgniter\Session\Handlers\FileHandler' driver.
INFO - 2023-12-09 03:48:56 --> Session: Class initialized using 'CodeIgniter\Session\Handlers\FileHandler' driver.
INFO - 2023-12-09 03:49:05 --> Session: Class initialized using 'CodeIgniter\Session\Handlers\FileHandler' driver.
INFO - 2023-12-09 03:49:26 --> Session: Class initialized using 'CodeIgniter\Session\Handlers\FileHandler' driver.
INFO - 2023-12-09 03:51:21 --> Session: Class initialized using 'CodeIgniter\Session\Handlers\FileHandler' driver.
INFO - 2023-12-09 03:52:09 --> Session: Class initialized using 'CodeIgniter\Session\Handlers\FileHandler' driver.
INFO - 2023-12-09 03:52:43 --> Session: Class initialized using 'CodeIgniter\Session\Handlers\FileHandler' driver.
INFO - 2023-12-09 03:53:13 --> Session: Class initialized using 'CodeIgniter\Session\Handlers\FileHandler' driver.
INFO - 2023-12-09 03:53:55 --> Session: Class initialized using 'CodeIgniter\Session\Handlers\FileHandler' driver.
