CRITICAL - 2023-12-03 05:27:08 --> Call to a member function flashdata() on null
in APPPATH\Views\products\allProducts.php on line 61.
 1 SYSTEMPATH\View\View.php(228): include()
 2 SYSTEMPATH\View\View.php(231): CodeIgniter\View\View->CodeIgniter\View\{closure}()
 3 SYSTEMPATH\Common.php(1190): CodeIgniter\View\View->render('products/allProducts', [], true)
 4 APPPATH\Controllers\ProductController.php(22): view('products/allProducts', [...])
 5 SYSTEMPATH\CodeIgniter.php(942): App\Controllers\ProductController->index()
 6 SYSTEMPATH\CodeIgniter.php(502): CodeIgniter\CodeIgniter->runController(Object(App\Controllers\ProductController))
 7 SYSTEMPATH\CodeIgniter.php(361): CodeIgniter\CodeIgniter->handleRequest(null, Object(Config\Cache), false)
 8 FCPATH\index.php(79): CodeIgniter\CodeIgniter->run()
 9 SYSTEMPATH\Commands\Server\rewrite.php(47): require_once('C:\\xampp\\htdocs\\wdpf55_codignator\\codeigniter4-one\\public\\index.php')
CRITICAL - 2023-12-03 05:27:20 --> Call to a member function flashdata() on null
in APPPATH\Views\products\allProducts.php on line 61.
 1 SYSTEMPATH\View\View.php(228): include()
 2 SYSTEMPATH\View\View.php(231): CodeIgniter\View\View->CodeIgniter\View\{closure}()
 3 SYSTEMPATH\Common.php(1190): CodeIgniter\View\View->render('products/allProducts', [], true)
 4 APPPATH\Controllers\ProductController.php(22): view('products/allProducts', [...])
 5 SYSTEMPATH\CodeIgniter.php(942): App\Controllers\ProductController->index()
 6 SYSTEMPATH\CodeIgniter.php(502): CodeIgniter\CodeIgniter->runController(Object(App\Controllers\ProductController))
 7 SYSTEMPATH\CodeIgniter.php(361): CodeIgniter\CodeIgniter->handleRequest(null, Object(Config\Cache), false)
 8 FCPATH\index.php(79): CodeIgniter\CodeIgniter->run()
 9 SYSTEMPATH\Commands\Server\rewrite.php(47): require_once('C:\\xampp\\htdocs\\wdpf55_codignator\\codeigniter4-one\\public\\index.php')
CRITICAL - 2023-12-03 05:28:11 --> Call to a member function flashdata() on null
in APPPATH\Views\products\allProducts.php on line 61.
 1 SYSTEMPATH\View\View.php(228): include()
 2 SYSTEMPATH\View\View.php(231): CodeIgniter\View\View->CodeIgniter\View\{closure}()
 3 SYSTEMPATH\Common.php(1190): CodeIgniter\View\View->render('products/allProducts', [], true)
 4 APPPATH\Controllers\ProductController.php(22): view('products/allProducts', [...])
 5 SYSTEMPATH\CodeIgniter.php(942): App\Controllers\ProductController->index()
 6 SYSTEMPATH\CodeIgniter.php(502): CodeIgniter\CodeIgniter->runController(Object(App\Controllers\ProductController))
 7 SYSTEMPATH\CodeIgniter.php(361): CodeIgniter\CodeIgniter->handleRequest(null, Object(Config\Cache), false)
 8 FCPATH\index.php(79): CodeIgniter\CodeIgniter->run()
 9 SYSTEMPATH\Commands\Server\rewrite.php(47): require_once('C:\\xampp\\htdocs\\wdpf55_codignator\\codeigniter4-one\\public\\index.php')
CRITICAL - 2023-12-03 05:28:18 --> Call to a member function flashdata() on null
in APPPATH\Views\products\allProducts.php on line 61.
 1 SYSTEMPATH\View\View.php(228): include()
 2 SYSTEMPATH\View\View.php(231): CodeIgniter\View\View->CodeIgniter\View\{closure}()
 3 SYSTEMPATH\Common.php(1190): CodeIgniter\View\View->render('products/allProducts', [], true)
 4 APPPATH\Controllers\ProductController.php(22): view('products/allProducts', [...])
 5 SYSTEMPATH\CodeIgniter.php(942): App\Controllers\ProductController->index()
 6 SYSTEMPATH\CodeIgniter.php(502): CodeIgniter\CodeIgniter->runController(Object(App\Controllers\ProductController))
 7 SYSTEMPATH\CodeIgniter.php(361): CodeIgniter\CodeIgniter->handleRequest(null, Object(Config\Cache), false)
 8 FCPATH\index.php(79): CodeIgniter\CodeIgniter->run()
 9 SYSTEMPATH\Commands\Server\rewrite.php(47): require_once('C:\\xampp\\htdocs\\wdpf55_codignator\\codeigniter4-one\\public\\index.php')
CRITICAL - 2023-12-03 05:28:25 --> Call to a member function flashdata() on null
in APPPATH\Views\products\allProducts.php on line 61.
 1 SYSTEMPATH\View\View.php(228): include()
 2 SYSTEMPATH\View\View.php(231): CodeIgniter\View\View->CodeIgniter\View\{closure}()
 3 SYSTEMPATH\Common.php(1190): CodeIgniter\View\View->render('products/allProducts', [], true)
 4 APPPATH\Controllers\ProductController.php(22): view('products/allProducts', [...])
 5 SYSTEMPATH\CodeIgniter.php(942): App\Controllers\ProductController->index()
 6 SYSTEMPATH\CodeIgniter.php(502): CodeIgniter\CodeIgniter->runController(Object(App\Controllers\ProductController))
 7 SYSTEMPATH\CodeIgniter.php(361): CodeIgniter\CodeIgniter->handleRequest(null, Object(Config\Cache), false)
 8 FCPATH\index.php(79): CodeIgniter\CodeIgniter->run()
 9 SYSTEMPATH\Commands\Server\rewrite.php(47): require_once('C:\\xampp\\htdocs\\wdpf55_codignator\\codeigniter4-one\\public\\index.php')
CRITICAL - 2023-12-03 05:30:28 --> Call to a member function flashdata() on null
in APPPATH\Views\products\allProducts.php on line 62.
 1 SYSTEMPATH\View\View.php(228): include()
 2 SYSTEMPATH\View\View.php(231): CodeIgniter\View\View->CodeIgniter\View\{closure}()
 3 SYSTEMPATH\Common.php(1190): CodeIgniter\View\View->render('products/allProducts', [], true)
 4 APPPATH\Controllers\ProductController.php(22): view('products/allProducts', [...])
 5 SYSTEMPATH\CodeIgniter.php(942): App\Controllers\ProductController->index()
 6 SYSTEMPATH\CodeIgniter.php(502): CodeIgniter\CodeIgniter->runController(Object(App\Controllers\ProductController))
 7 SYSTEMPATH\CodeIgniter.php(361): CodeIgniter\CodeIgniter->handleRequest(null, Object(Config\Cache), false)
 8 FCPATH\index.php(79): CodeIgniter\CodeIgniter->run()
 9 SYSTEMPATH\Commands\Server\rewrite.php(47): require_once('C:\\xampp\\htdocs\\wdpf55_codignator\\codeigniter4-one\\public\\index.php')
CRITICAL - 2023-12-03 05:30:30 --> Call to a member function flashdata() on null
in APPPATH\Views\products\allProducts.php on line 62.
 1 SYSTEMPATH\View\View.php(228): include()
 2 SYSTEMPATH\View\View.php(231): CodeIgniter\View\View->CodeIgniter\View\{closure}()
 3 SYSTEMPATH\Common.php(1190): CodeIgniter\View\View->render('products/allProducts', [], true)
 4 APPPATH\Controllers\ProductController.php(22): view('products/allProducts', [...])
 5 SYSTEMPATH\CodeIgniter.php(942): App\Controllers\ProductController->index()
 6 SYSTEMPATH\CodeIgniter.php(502): CodeIgniter\CodeIgniter->runController(Object(App\Controllers\ProductController))
 7 SYSTEMPATH\CodeIgniter.php(361): CodeIgniter\CodeIgniter->handleRequest(null, Object(Config\Cache), false)
 8 FCPATH\index.php(79): CodeIgniter\CodeIgniter->run()
 9 SYSTEMPATH\Commands\Server\rewrite.php(47): require_once('C:\\xampp\\htdocs\\wdpf55_codignator\\codeigniter4-one\\public\\index.php')
CRITICAL - 2023-12-03 06:41:00 --> Call to undefined function set_value()
in APPPATH\Views\products\create.php on line 63.
 1 SYSTEMPATH\View\View.php(228): include()
 2 SYSTEMPATH\View\View.php(231): CodeIgniter\View\View->CodeIgniter\View\{closure}()
 3 SYSTEMPATH\Common.php(1190): CodeIgniter\View\View->render('products/create', [], true)
 4 APPPATH\Controllers\ProductController.php(51): view('products/create')
 5 SYSTEMPATH\CodeIgniter.php(942): App\Controllers\ProductController->store()
 6 SYSTEMPATH\CodeIgniter.php(502): CodeIgniter\CodeIgniter->runController(Object(App\Controllers\ProductController))
 7 SYSTEMPATH\CodeIgniter.php(361): CodeIgniter\CodeIgniter->handleRequest(null, Object(Config\Cache), false)
 8 FCPATH\index.php(79): CodeIgniter\CodeIgniter->run()
 9 SYSTEMPATH\Commands\Server\rewrite.php(47): require_once('C:\\xampp\\htdocs\\wdpf55_codignator\\codeigniter4-one\\public\\index.php')
CRITICAL - 2023-12-03 06:41:14 --> Call to undefined function set_value()
in APPPATH\Views\products\create.php on line 63.
 1 SYSTEMPATH\View\View.php(228): include()
 2 SYSTEMPATH\View\View.php(231): CodeIgniter\View\View->CodeIgniter\View\{closure}()
 3 SYSTEMPATH\Common.php(1190): CodeIgniter\View\View->render('products/create', [], true)
 4 APPPATH\Controllers\ProductController.php(28): view('products/create')
 5 SYSTEMPATH\CodeIgniter.php(942): App\Controllers\ProductController->create()
 6 SYSTEMPATH\CodeIgniter.php(502): CodeIgniter\CodeIgniter->runController(Object(App\Controllers\ProductController))
 7 SYSTEMPATH\CodeIgniter.php(361): CodeIgniter\CodeIgniter->handleRequest(null, Object(Config\Cache), false)
 8 FCPATH\index.php(79): CodeIgniter\CodeIgniter->run()
 9 SYSTEMPATH\Commands\Server\rewrite.php(47): require_once('C:\\xampp\\htdocs\\wdpf55_codignator\\codeigniter4-one\\public\\index.php')
CRITICAL - 2023-12-03 06:41:28 --> Call to undefined function set_value()
in APPPATH\Views\products\create.php on line 63.
 1 SYSTEMPATH\View\View.php(228): include()
 2 SYSTEMPATH\View\View.php(231): CodeIgniter\View\View->CodeIgniter\View\{closure}()
 3 SYSTEMPATH\Common.php(1190): CodeIgniter\View\View->render('products/create', [], true)
 4 APPPATH\Controllers\ProductController.php(28): view('products/create')
 5 SYSTEMPATH\CodeIgniter.php(942): App\Controllers\ProductController->create()
 6 SYSTEMPATH\CodeIgniter.php(502): CodeIgniter\CodeIgniter->runController(Object(App\Controllers\ProductController))
 7 SYSTEMPATH\CodeIgniter.php(361): CodeIgniter\CodeIgniter->handleRequest(null, Object(Config\Cache), false)
 8 FCPATH\index.php(79): CodeIgniter\CodeIgniter->run()
 9 SYSTEMPATH\Commands\Server\rewrite.php(47): require_once('C:\\xampp\\htdocs\\wdpf55_codignator\\codeigniter4-one\\public\\index.php')
CRITICAL - 2023-12-03 06:41:35 --> Call to undefined function set_value()
in APPPATH\Views\products\create.php on line 63.
 1 SYSTEMPATH\View\View.php(228): include()
 2 SYSTEMPATH\View\View.php(231): CodeIgniter\View\View->CodeIgniter\View\{closure}()
 3 SYSTEMPATH\Common.php(1190): CodeIgniter\View\View->render('products/create', [], true)
 4 APPPATH\Controllers\ProductController.php(28): view('products/create')
 5 SYSTEMPATH\CodeIgniter.php(942): App\Controllers\ProductController->create()
 6 SYSTEMPATH\CodeIgniter.php(502): CodeIgniter\CodeIgniter->runController(Object(App\Controllers\ProductController))
 7 SYSTEMPATH\CodeIgniter.php(361): CodeIgniter\CodeIgniter->handleRequest(null, Object(Config\Cache), false)
 8 FCPATH\index.php(79): CodeIgniter\CodeIgniter->run()
 9 SYSTEMPATH\Commands\Server\rewrite.php(47): require_once('C:\\xampp\\htdocs\\wdpf55_codignator\\codeigniter4-one\\public\\index.php')
CRITICAL - 2023-12-03 06:41:56 --> Call to undefined function set_value()
in APPPATH\Views\products\create.php on line 63.
 1 SYSTEMPATH\View\View.php(228): include()
 2 SYSTEMPATH\View\View.php(231): CodeIgniter\View\View->CodeIgniter\View\{closure}()
 3 SYSTEMPATH\Common.php(1190): CodeIgniter\View\View->render('products/create', [], true)
 4 APPPATH\Controllers\ProductController.php(28): view('products/create')
 5 SYSTEMPATH\CodeIgniter.php(942): App\Controllers\ProductController->create()
 6 SYSTEMPATH\CodeIgniter.php(502): CodeIgniter\CodeIgniter->runController(Object(App\Controllers\ProductController))
 7 SYSTEMPATH\CodeIgniter.php(361): CodeIgniter\CodeIgniter->handleRequest(null, Object(Config\Cache), false)
 8 FCPATH\index.php(79): CodeIgniter\CodeIgniter->run()
 9 SYSTEMPATH\Commands\Server\rewrite.php(47): require_once('C:\\xampp\\htdocs\\wdpf55_codignator\\codeigniter4-one\\public\\index.php')
CRITICAL - 2023-12-03 06:41:57 --> Call to undefined function set_value()
in APPPATH\Views\products\create.php on line 63.
 1 SYSTEMPATH\View\View.php(228): include()
 2 SYSTEMPATH\View\View.php(231): CodeIgniter\View\View->CodeIgniter\View\{closure}()
 3 SYSTEMPATH\Common.php(1190): CodeIgniter\View\View->render('products/create', [], true)
 4 APPPATH\Controllers\ProductController.php(28): view('products/create')
 5 SYSTEMPATH\CodeIgniter.php(942): App\Controllers\ProductController->create()
 6 SYSTEMPATH\CodeIgniter.php(502): CodeIgniter\CodeIgniter->runController(Object(App\Controllers\ProductController))
 7 SYSTEMPATH\CodeIgniter.php(361): CodeIgniter\CodeIgniter->handleRequest(null, Object(Config\Cache), false)
 8 FCPATH\index.php(79): CodeIgniter\CodeIgniter->run()
 9 SYSTEMPATH\Commands\Server\rewrite.php(47): require_once('C:\\xampp\\htdocs\\wdpf55_codignator\\codeigniter4-one\\public\\index.php')
CRITICAL - 2023-12-03 06:41:57 --> Call to undefined function set_value()
in APPPATH\Views\products\create.php on line 63.
 1 SYSTEMPATH\View\View.php(228): include()
 2 SYSTEMPATH\View\View.php(231): CodeIgniter\View\View->CodeIgniter\View\{closure}()
 3 SYSTEMPATH\Common.php(1190): CodeIgniter\View\View->render('products/create', [], true)
 4 APPPATH\Controllers\ProductController.php(28): view('products/create')
 5 SYSTEMPATH\CodeIgniter.php(942): App\Controllers\ProductController->create()
 6 SYSTEMPATH\CodeIgniter.php(502): CodeIgniter\CodeIgniter->runController(Object(App\Controllers\ProductController))
 7 SYSTEMPATH\CodeIgniter.php(361): CodeIgniter\CodeIgniter->handleRequest(null, Object(Config\Cache), false)
 8 FCPATH\index.php(79): CodeIgniter\CodeIgniter->run()
 9 SYSTEMPATH\Commands\Server\rewrite.php(47): require_once('C:\\xampp\\htdocs\\wdpf55_codignator\\codeigniter4-one\\public\\index.php')
CRITICAL - 2023-12-03 06:41:57 --> Call to undefined function set_value()
in APPPATH\Views\products\create.php on line 63.
 1 SYSTEMPATH\View\View.php(228): include()
 2 SYSTEMPATH\View\View.php(231): CodeIgniter\View\View->CodeIgniter\View\{closure}()
 3 SYSTEMPATH\Common.php(1190): CodeIgniter\View\View->render('products/create', [], true)
 4 APPPATH\Controllers\ProductController.php(28): view('products/create')
 5 SYSTEMPATH\CodeIgniter.php(942): App\Controllers\ProductController->create()
 6 SYSTEMPATH\CodeIgniter.php(502): CodeIgniter\CodeIgniter->runController(Object(App\Controllers\ProductController))
 7 SYSTEMPATH\CodeIgniter.php(361): CodeIgniter\CodeIgniter->handleRequest(null, Object(Config\Cache), false)
 8 FCPATH\index.php(79): CodeIgniter\CodeIgniter->run()
 9 SYSTEMPATH\Commands\Server\rewrite.php(47): require_once('C:\\xampp\\htdocs\\wdpf55_codignator\\codeigniter4-one\\public\\index.php')
CRITICAL - 2023-12-03 06:41:57 --> Call to undefined function set_value()
in APPPATH\Views\products\create.php on line 63.
 1 SYSTEMPATH\View\View.php(228): include()
 2 SYSTEMPATH\View\View.php(231): CodeIgniter\View\View->CodeIgniter\View\{closure}()
 3 SYSTEMPATH\Common.php(1190): CodeIgniter\View\View->render('products/create', [], true)
 4 APPPATH\Controllers\ProductController.php(28): view('products/create')
 5 SYSTEMPATH\CodeIgniter.php(942): App\Controllers\ProductController->create()
 6 SYSTEMPATH\CodeIgniter.php(502): CodeIgniter\CodeIgniter->runController(Object(App\Controllers\ProductController))
 7 SYSTEMPATH\CodeIgniter.php(361): CodeIgniter\CodeIgniter->handleRequest(null, Object(Config\Cache), false)
 8 FCPATH\index.php(79): CodeIgniter\CodeIgniter->run()
 9 SYSTEMPATH\Commands\Server\rewrite.php(47): require_once('C:\\xampp\\htdocs\\wdpf55_codignator\\codeigniter4-one\\public\\index.php')
CRITICAL - 2023-12-03 06:45:37 --> Call to undefined function set_value()
in APPPATH\Views\products\create.php on line 63.
 1 SYSTEMPATH\View\View.php(228): include()
 2 SYSTEMPATH\View\View.php(231): CodeIgniter\View\View->CodeIgniter\View\{closure}()
 3 SYSTEMPATH\Common.php(1190): CodeIgniter\View\View->render('products/create', [], true)
 4 APPPATH\Controllers\ProductController.php(28): view('products/create')
 5 SYSTEMPATH\CodeIgniter.php(942): App\Controllers\ProductController->create()
 6 SYSTEMPATH\CodeIgniter.php(502): CodeIgniter\CodeIgniter->runController(Object(App\Controllers\ProductController))
 7 SYSTEMPATH\CodeIgniter.php(361): CodeIgniter\CodeIgniter->handleRequest(null, Object(Config\Cache), false)
 8 FCPATH\index.php(79): CodeIgniter\CodeIgniter->run()
 9 SYSTEMPATH\Commands\Server\rewrite.php(47): require_once('C:\\xampp\\htdocs\\wdpf55_codignator\\codeigniter4-one\\public\\index.php')
CRITICAL - 2023-12-03 06:50:31 --> Call to undefined function set_value()
in APPPATH\Views\products\create.php on line 63.
 1 SYSTEMPATH\View\View.php(228): include()
 2 SYSTEMPATH\View\View.php(231): CodeIgniter\View\View->CodeIgniter\View\{closure}()
 3 SYSTEMPATH\Common.php(1190): CodeIgniter\View\View->render('products/create', [], true)
 4 APPPATH\Controllers\ProductController.php(28): view('products/create')
 5 SYSTEMPATH\CodeIgniter.php(942): App\Controllers\ProductController->create()
 6 SYSTEMPATH\CodeIgniter.php(502): CodeIgniter\CodeIgniter->runController(Object(App\Controllers\ProductController))
 7 SYSTEMPATH\CodeIgniter.php(361): CodeIgniter\CodeIgniter->handleRequest(null, Object(Config\Cache), false)
 8 FCPATH\index.php(79): CodeIgniter\CodeIgniter->run()
 9 SYSTEMPATH\Commands\Server\rewrite.php(47): require_once('C:\\xampp\\htdocs\\wdpf55_codignator\\codeigniter4-one\\public\\index.php')
CRITICAL - 2023-12-03 06:50:37 --> Call to undefined function set_value()
in APPPATH\Views\products\create.php on line 63.
 1 SYSTEMPATH\View\View.php(228): include()
 2 SYSTEMPATH\View\View.php(231): CodeIgniter\View\View->CodeIgniter\View\{closure}()
 3 SYSTEMPATH\Common.php(1190): CodeIgniter\View\View->render('products/create', [], true)
 4 APPPATH\Controllers\ProductController.php(28): view('products/create')
 5 SYSTEMPATH\CodeIgniter.php(942): App\Controllers\ProductController->create()
 6 SYSTEMPATH\CodeIgniter.php(502): CodeIgniter\CodeIgniter->runController(Object(App\Controllers\ProductController))
 7 SYSTEMPATH\CodeIgniter.php(361): CodeIgniter\CodeIgniter->handleRequest(null, Object(Config\Cache), false)
 8 FCPATH\index.php(79): CodeIgniter\CodeIgniter->run()
 9 SYSTEMPATH\Commands\Server\rewrite.php(47): require_once('C:\\xampp\\htdocs\\wdpf55_codignator\\codeigniter4-one\\public\\index.php')
CRITICAL - 2023-12-03 06:51:22 --> Call to undefined function set_value()
in APPPATH\Views\products\create.php on line 63.
 1 SYSTEMPATH\View\View.php(228): include()
 2 SYSTEMPATH\View\View.php(231): CodeIgniter\View\View->CodeIgniter\View\{closure}()
 3 SYSTEMPATH\Common.php(1190): CodeIgniter\View\View->render('products/create', [], true)
 4 APPPATH\Controllers\ProductController.php(28): view('products/create')
 5 SYSTEMPATH\CodeIgniter.php(942): App\Controllers\ProductController->create()
 6 SYSTEMPATH\CodeIgniter.php(502): CodeIgniter\CodeIgniter->runController(Object(App\Controllers\ProductController))
 7 SYSTEMPATH\CodeIgniter.php(361): CodeIgniter\CodeIgniter->handleRequest(null, Object(Config\Cache), false)
 8 FCPATH\index.php(79): CodeIgniter\CodeIgniter->run()
 9 SYSTEMPATH\Commands\Server\rewrite.php(47): require_once('C:\\xampp\\htdocs\\wdpf55_codignator\\codeigniter4-one\\public\\index.php')
CRITICAL - 2023-12-03 06:51:23 --> Call to undefined function set_value()
in APPPATH\Views\products\create.php on line 63.
 1 SYSTEMPATH\View\View.php(228): include()
 2 SYSTEMPATH\View\View.php(231): CodeIgniter\View\View->CodeIgniter\View\{closure}()
 3 SYSTEMPATH\Common.php(1190): CodeIgniter\View\View->render('products/create', [], true)
 4 APPPATH\Controllers\ProductController.php(28): view('products/create')
 5 SYSTEMPATH\CodeIgniter.php(942): App\Controllers\ProductController->create()
 6 SYSTEMPATH\CodeIgniter.php(502): CodeIgniter\CodeIgniter->runController(Object(App\Controllers\ProductController))
 7 SYSTEMPATH\CodeIgniter.php(361): CodeIgniter\CodeIgniter->handleRequest(null, Object(Config\Cache), false)
 8 FCPATH\index.php(79): CodeIgniter\CodeIgniter->run()
 9 SYSTEMPATH\Commands\Server\rewrite.php(47): require_once('C:\\xampp\\htdocs\\wdpf55_codignator\\codeigniter4-one\\public\\index.php')
CRITICAL - 2023-12-03 06:51:23 --> Call to undefined function set_value()
in APPPATH\Views\products\create.php on line 63.
 1 SYSTEMPATH\View\View.php(228): include()
 2 SYSTEMPATH\View\View.php(231): CodeIgniter\View\View->CodeIgniter\View\{closure}()
 3 SYSTEMPATH\Common.php(1190): CodeIgniter\View\View->render('products/create', [], true)
 4 APPPATH\Controllers\ProductController.php(28): view('products/create')
 5 SYSTEMPATH\CodeIgniter.php(942): App\Controllers\ProductController->create()
 6 SYSTEMPATH\CodeIgniter.php(502): CodeIgniter\CodeIgniter->runController(Object(App\Controllers\ProductController))
 7 SYSTEMPATH\CodeIgniter.php(361): CodeIgniter\CodeIgniter->handleRequest(null, Object(Config\Cache), false)
 8 FCPATH\index.php(79): CodeIgniter\CodeIgniter->run()
 9 SYSTEMPATH\Commands\Server\rewrite.php(47): require_once('C:\\xampp\\htdocs\\wdpf55_codignator\\codeigniter4-one\\public\\index.php')
CRITICAL - 2023-12-03 06:51:24 --> Call to undefined function set_value()
in APPPATH\Views\products\create.php on line 63.
 1 SYSTEMPATH\View\View.php(228): include()
 2 SYSTEMPATH\View\View.php(231): CodeIgniter\View\View->CodeIgniter\View\{closure}()
 3 SYSTEMPATH\Common.php(1190): CodeIgniter\View\View->render('products/create', [], true)
 4 APPPATH\Controllers\ProductController.php(28): view('products/create')
 5 SYSTEMPATH\CodeIgniter.php(942): App\Controllers\ProductController->create()
 6 SYSTEMPATH\CodeIgniter.php(502): CodeIgniter\CodeIgniter->runController(Object(App\Controllers\ProductController))
 7 SYSTEMPATH\CodeIgniter.php(361): CodeIgniter\CodeIgniter->handleRequest(null, Object(Config\Cache), false)
 8 FCPATH\index.php(79): CodeIgniter\CodeIgniter->run()
 9 SYSTEMPATH\Commands\Server\rewrite.php(47): require_once('C:\\xampp\\htdocs\\wdpf55_codignator\\codeigniter4-one\\public\\index.php')
CRITICAL - 2023-12-03 06:51:31 --> Call to undefined function set_value()
in APPPATH\Views\products\create.php on line 63.
 1 SYSTEMPATH\View\View.php(228): include()
 2 SYSTEMPATH\View\View.php(231): CodeIgniter\View\View->CodeIgniter\View\{closure}()
 3 SYSTEMPATH\Common.php(1190): CodeIgniter\View\View->render('products/create', [], true)
 4 APPPATH\Controllers\ProductController.php(28): view('products/create')
 5 SYSTEMPATH\CodeIgniter.php(942): App\Controllers\ProductController->create()
 6 SYSTEMPATH\CodeIgniter.php(502): CodeIgniter\CodeIgniter->runController(Object(App\Controllers\ProductController))
 7 SYSTEMPATH\CodeIgniter.php(361): CodeIgniter\CodeIgniter->handleRequest(null, Object(Config\Cache), false)
 8 FCPATH\index.php(79): CodeIgniter\CodeIgniter->run()
 9 SYSTEMPATH\Commands\Server\rewrite.php(47): require_once('C:\\xampp\\htdocs\\wdpf55_codignator\\codeigniter4-one\\public\\index.php')
CRITICAL - 2023-12-03 06:51:50 --> Call to undefined function set_value()
in APPPATH\Views\products\create.php on line 63.
 1 SYSTEMPATH\View\View.php(228): include()
 2 SYSTEMPATH\View\View.php(231): CodeIgniter\View\View->CodeIgniter\View\{closure}()
 3 SYSTEMPATH\Common.php(1190): CodeIgniter\View\View->render('products/create', [], true)
 4 APPPATH\Controllers\ProductController.php(28): view('products/create')
 5 SYSTEMPATH\CodeIgniter.php(942): App\Controllers\ProductController->create()
 6 SYSTEMPATH\CodeIgniter.php(502): CodeIgniter\CodeIgniter->runController(Object(App\Controllers\ProductController))
 7 SYSTEMPATH\CodeIgniter.php(361): CodeIgniter\CodeIgniter->handleRequest(null, Object(Config\Cache), false)
 8 FCPATH\index.php(79): CodeIgniter\CodeIgniter->run()
 9 SYSTEMPATH\Commands\Server\rewrite.php(47): require_once('C:\\xampp\\htdocs\\wdpf55_codignator\\codeigniter4-one\\public\\index.php')
CRITICAL - 2023-12-03 06:53:23 --> Call to undefined function set_value()
in APPPATH\Views\products\create.php on line 63.
 1 SYSTEMPATH\View\View.php(228): include()
 2 SYSTEMPATH\View\View.php(231): CodeIgniter\View\View->CodeIgniter\View\{closure}()
 3 SYSTEMPATH\Common.php(1190): CodeIgniter\View\View->render('products/create', [], true)
 4 APPPATH\Controllers\ProductController.php(28): view('products/create')
 5 SYSTEMPATH\CodeIgniter.php(942): App\Controllers\ProductController->create()
 6 SYSTEMPATH\CodeIgniter.php(502): CodeIgniter\CodeIgniter->runController(Object(App\Controllers\ProductController))
 7 SYSTEMPATH\CodeIgniter.php(361): CodeIgniter\CodeIgniter->handleRequest(null, Object(Config\Cache), false)
 8 FCPATH\index.php(79): CodeIgniter\CodeIgniter->run()
 9 SYSTEMPATH\Commands\Server\rewrite.php(47): require_once('C:\\xampp\\htdocs\\wdpf55_codignator\\codeigniter4-one\\public\\index.php')
CRITICAL - 2023-12-03 06:53:27 --> Call to undefined function set_value()
in APPPATH\Views\products\create.php on line 63.
 1 SYSTEMPATH\View\View.php(228): include()
 2 SYSTEMPATH\View\View.php(231): CodeIgniter\View\View->CodeIgniter\View\{closure}()
 3 SYSTEMPATH\Common.php(1190): CodeIgniter\View\View->render('products/create', [], true)
 4 APPPATH\Controllers\ProductController.php(28): view('products/create')
 5 SYSTEMPATH\CodeIgniter.php(942): App\Controllers\ProductController->create()
 6 SYSTEMPATH\CodeIgniter.php(502): CodeIgniter\CodeIgniter->runController(Object(App\Controllers\ProductController))
 7 SYSTEMPATH\CodeIgniter.php(361): CodeIgniter\CodeIgniter->handleRequest(null, Object(Config\Cache), false)
 8 FCPATH\index.php(79): CodeIgniter\CodeIgniter->run()
 9 SYSTEMPATH\Commands\Server\rewrite.php(47): require_once('C:\\xampp\\htdocs\\wdpf55_codignator\\codeigniter4-one\\public\\index.php')
CRITICAL - 2023-12-03 06:55:28 --> Call to undefined function set_value()
in APPPATH\Views\products\create.php on line 63.
 1 SYSTEMPATH\View\View.php(228): include()
 2 SYSTEMPATH\View\View.php(231): CodeIgniter\View\View->CodeIgniter\View\{closure}()
 3 SYSTEMPATH\Common.php(1190): CodeIgniter\View\View->render('products/create', [], true)
 4 APPPATH\Controllers\ProductController.php(28): view('products/create')
 5 SYSTEMPATH\CodeIgniter.php(942): App\Controllers\ProductController->create()
 6 SYSTEMPATH\CodeIgniter.php(502): CodeIgniter\CodeIgniter->runController(Object(App\Controllers\ProductController))
 7 SYSTEMPATH\CodeIgniter.php(361): CodeIgniter\CodeIgniter->handleRequest(null, Object(Config\Cache), false)
 8 FCPATH\index.php(79): CodeIgniter\CodeIgniter->run()
 9 SYSTEMPATH\Commands\Server\rewrite.php(47): require_once('C:\\xampp\\htdocs\\wdpf55_codignator\\codeigniter4-one\\public\\index.php')
CRITICAL - 2023-12-03 06:58:19 --> Call to undefined function set_value()
in APPPATH\Views\products\create.php on line 63.
 1 SYSTEMPATH\View\View.php(228): include()
 2 SYSTEMPATH\View\View.php(231): CodeIgniter\View\View->CodeIgniter\View\{closure}()
 3 SYSTEMPATH\Common.php(1190): CodeIgniter\View\View->render('products/create', [], true)
 4 APPPATH\Controllers\ProductController.php(28): view('products/create')
 5 SYSTEMPATH\CodeIgniter.php(942): App\Controllers\ProductController->create()
 6 SYSTEMPATH\CodeIgniter.php(502): CodeIgniter\CodeIgniter->runController(Object(App\Controllers\ProductController))
 7 SYSTEMPATH\CodeIgniter.php(361): CodeIgniter\CodeIgniter->handleRequest(null, Object(Config\Cache), false)
 8 FCPATH\index.php(79): CodeIgniter\CodeIgniter->run()
 9 SYSTEMPATH\Commands\Server\rewrite.php(47): require_once('C:\\xampp\\htdocs\\wdpf55_codignator\\codeigniter4-one\\public\\index.php')
CRITICAL - 2023-12-03 06:58:39 --> Call to undefined function set_value()
in APPPATH\Views\products\create.php on line 63.
 1 SYSTEMPATH\View\View.php(228): include()
 2 SYSTEMPATH\View\View.php(231): CodeIgniter\View\View->CodeIgniter\View\{closure}()
 3 SYSTEMPATH\Common.php(1190): CodeIgniter\View\View->render('products/create', [], true)
 4 APPPATH\Controllers\ProductController.php(28): view('products/create')
 5 SYSTEMPATH\CodeIgniter.php(942): App\Controllers\ProductController->create()
 6 SYSTEMPATH\CodeIgniter.php(502): CodeIgniter\CodeIgniter->runController(Object(App\Controllers\ProductController))
 7 SYSTEMPATH\CodeIgniter.php(361): CodeIgniter\CodeIgniter->handleRequest(null, Object(Config\Cache), false)
 8 FCPATH\index.php(79): CodeIgniter\CodeIgniter->run()
 9 SYSTEMPATH\Commands\Server\rewrite.php(47): require_once('C:\\xampp\\htdocs\\wdpf55_codignator\\codeigniter4-one\\public\\index.php')
CRITICAL - 2023-12-03 06:58:39 --> Call to undefined function set_value()
in APPPATH\Views\products\create.php on line 63.
 1 SYSTEMPATH\View\View.php(228): include()
 2 SYSTEMPATH\View\View.php(231): CodeIgniter\View\View->CodeIgniter\View\{closure}()
 3 SYSTEMPATH\Common.php(1190): CodeIgniter\View\View->render('products/create', [], true)
 4 APPPATH\Controllers\ProductController.php(28): view('products/create')
 5 SYSTEMPATH\CodeIgniter.php(942): App\Controllers\ProductController->create()
 6 SYSTEMPATH\CodeIgniter.php(502): CodeIgniter\CodeIgniter->runController(Object(App\Controllers\ProductController))
 7 SYSTEMPATH\CodeIgniter.php(361): CodeIgniter\CodeIgniter->handleRequest(null, Object(Config\Cache), false)
 8 FCPATH\index.php(79): CodeIgniter\CodeIgniter->run()
 9 SYSTEMPATH\Commands\Server\rewrite.php(47): require_once('C:\\xampp\\htdocs\\wdpf55_codignator\\codeigniter4-one\\public\\index.php')
CRITICAL - 2023-12-03 06:58:39 --> Call to undefined function set_value()
in APPPATH\Views\products\create.php on line 63.
 1 SYSTEMPATH\View\View.php(228): include()
 2 SYSTEMPATH\View\View.php(231): CodeIgniter\View\View->CodeIgniter\View\{closure}()
 3 SYSTEMPATH\Common.php(1190): CodeIgniter\View\View->render('products/create', [], true)
 4 APPPATH\Controllers\ProductController.php(28): view('products/create')
 5 SYSTEMPATH\CodeIgniter.php(942): App\Controllers\ProductController->create()
 6 SYSTEMPATH\CodeIgniter.php(502): CodeIgniter\CodeIgniter->runController(Object(App\Controllers\ProductController))
 7 SYSTEMPATH\CodeIgniter.php(361): CodeIgniter\CodeIgniter->handleRequest(null, Object(Config\Cache), false)
 8 FCPATH\index.php(79): CodeIgniter\CodeIgniter->run()
 9 SYSTEMPATH\Commands\Server\rewrite.php(47): require_once('C:\\xampp\\htdocs\\wdpf55_codignator\\codeigniter4-one\\public\\index.php')
CRITICAL - 2023-12-03 06:59:44 --> Call to undefined function set_value()
in APPPATH\Views\products\create.php on line 63.
 1 SYSTEMPATH\View\View.php(228): include()
 2 SYSTEMPATH\View\View.php(231): CodeIgniter\View\View->CodeIgniter\View\{closure}()
 3 SYSTEMPATH\Common.php(1190): CodeIgniter\View\View->render('products/create', [], true)
 4 APPPATH\Controllers\ProductController.php(28): view('products/create')
 5 SYSTEMPATH\CodeIgniter.php(942): App\Controllers\ProductController->create()
 6 SYSTEMPATH\CodeIgniter.php(502): CodeIgniter\CodeIgniter->runController(Object(App\Controllers\ProductController))
 7 SYSTEMPATH\CodeIgniter.php(361): CodeIgniter\CodeIgniter->handleRequest(null, Object(Config\Cache), false)
 8 FCPATH\index.php(79): CodeIgniter\CodeIgniter->run()
 9 SYSTEMPATH\Commands\Server\rewrite.php(47): require_once('C:\\xampp\\htdocs\\wdpf55_codignator\\codeigniter4-one\\public\\index.php')
CRITICAL - 2023-12-03 07:00:08 --> Call to undefined function set_value()
in APPPATH\Views\products\create.php on line 63.
 1 SYSTEMPATH\View\View.php(228): include()
 2 SYSTEMPATH\View\View.php(231): CodeIgniter\View\View->CodeIgniter\View\{closure}()
 3 SYSTEMPATH\Common.php(1190): CodeIgniter\View\View->render('products/create', [], true)
 4 APPPATH\Controllers\ProductController.php(28): view('products/create')
 5 SYSTEMPATH\CodeIgniter.php(942): App\Controllers\ProductController->create()
 6 SYSTEMPATH\CodeIgniter.php(502): CodeIgniter\CodeIgniter->runController(Object(App\Controllers\ProductController))
 7 SYSTEMPATH\CodeIgniter.php(361): CodeIgniter\CodeIgniter->handleRequest(null, Object(Config\Cache), false)
 8 FCPATH\index.php(79): CodeIgniter\CodeIgniter->run()
 9 SYSTEMPATH\Commands\Server\rewrite.php(47): require_once('C:\\xampp\\htdocs\\wdpf55_codignator\\codeigniter4-one\\public\\index.php')
CRITICAL - 2023-12-03 07:00:10 --> Call to undefined function set_value()
in APPPATH\Views\products\create.php on line 63.
 1 SYSTEMPATH\View\View.php(228): include()
 2 SYSTEMPATH\View\View.php(231): CodeIgniter\View\View->CodeIgniter\View\{closure}()
 3 SYSTEMPATH\Common.php(1190): CodeIgniter\View\View->render('products/create', [], true)
 4 APPPATH\Controllers\ProductController.php(28): view('products/create')
 5 SYSTEMPATH\CodeIgniter.php(942): App\Controllers\ProductController->create()
 6 SYSTEMPATH\CodeIgniter.php(502): CodeIgniter\CodeIgniter->runController(Object(App\Controllers\ProductController))
 7 SYSTEMPATH\CodeIgniter.php(361): CodeIgniter\CodeIgniter->handleRequest(null, Object(Config\Cache), false)
 8 FCPATH\index.php(79): CodeIgniter\CodeIgniter->run()
 9 SYSTEMPATH\Commands\Server\rewrite.php(47): require_once('C:\\xampp\\htdocs\\wdpf55_codignator\\codeigniter4-one\\public\\index.php')
CRITICAL - 2023-12-03 07:02:20 --> Call to undefined function set_value()
in APPPATH\Views\products\create.php on line 63.
 1 SYSTEMPATH\View\View.php(228): include()
 2 SYSTEMPATH\View\View.php(231): CodeIgniter\View\View->CodeIgniter\View\{closure}()
 3 SYSTEMPATH\Common.php(1190): CodeIgniter\View\View->render('products/create', [], true)
 4 APPPATH\Controllers\ProductController.php(28): view('products/create')
 5 SYSTEMPATH\CodeIgniter.php(942): App\Controllers\ProductController->create()
 6 SYSTEMPATH\CodeIgniter.php(502): CodeIgniter\CodeIgniter->runController(Object(App\Controllers\ProductController))
 7 SYSTEMPATH\CodeIgniter.php(361): CodeIgniter\CodeIgniter->handleRequest(null, Object(Config\Cache), false)
 8 FCPATH\index.php(79): CodeIgniter\CodeIgniter->run()
 9 SYSTEMPATH\Commands\Server\rewrite.php(47): require_once('C:\\xampp\\htdocs\\wdpf55_codignator\\codeigniter4-one\\public\\index.php')
CRITICAL - 2023-12-03 07:02:21 --> Call to undefined function set_value()
in APPPATH\Views\products\create.php on line 63.
 1 SYSTEMPATH\View\View.php(228): include()
 2 SYSTEMPATH\View\View.php(231): CodeIgniter\View\View->CodeIgniter\View\{closure}()
 3 SYSTEMPATH\Common.php(1190): CodeIgniter\View\View->render('products/create', [], true)
 4 APPPATH\Controllers\ProductController.php(28): view('products/create')
 5 SYSTEMPATH\CodeIgniter.php(942): App\Controllers\ProductController->create()
 6 SYSTEMPATH\CodeIgniter.php(502): CodeIgniter\CodeIgniter->runController(Object(App\Controllers\ProductController))
 7 SYSTEMPATH\CodeIgniter.php(361): CodeIgniter\CodeIgniter->handleRequest(null, Object(Config\Cache), false)
 8 FCPATH\index.php(79): CodeIgniter\CodeIgniter->run()
 9 SYSTEMPATH\Commands\Server\rewrite.php(47): require_once('C:\\xampp\\htdocs\\wdpf55_codignator\\codeigniter4-one\\public\\index.php')
CRITICAL - 2023-12-03 07:02:22 --> Call to undefined function set_value()
in APPPATH\Views\products\create.php on line 63.
 1 SYSTEMPATH\View\View.php(228): include()
 2 SYSTEMPATH\View\View.php(231): CodeIgniter\View\View->CodeIgniter\View\{closure}()
 3 SYSTEMPATH\Common.php(1190): CodeIgniter\View\View->render('products/create', [], true)
 4 APPPATH\Controllers\ProductController.php(28): view('products/create')
 5 SYSTEMPATH\CodeIgniter.php(942): App\Controllers\ProductController->create()
 6 SYSTEMPATH\CodeIgniter.php(502): CodeIgniter\CodeIgniter->runController(Object(App\Controllers\ProductController))
 7 SYSTEMPATH\CodeIgniter.php(361): CodeIgniter\CodeIgniter->handleRequest(null, Object(Config\Cache), false)
 8 FCPATH\index.php(79): CodeIgniter\CodeIgniter->run()
 9 SYSTEMPATH\Commands\Server\rewrite.php(47): require_once('C:\\xampp\\htdocs\\wdpf55_codignator\\codeigniter4-one\\public\\index.php')
CRITICAL - 2023-12-03 07:02:23 --> Call to undefined function set_value()
in APPPATH\Views\products\create.php on line 63.
 1 SYSTEMPATH\View\View.php(228): include()
 2 SYSTEMPATH\View\View.php(231): CodeIgniter\View\View->CodeIgniter\View\{closure}()
 3 SYSTEMPATH\Common.php(1190): CodeIgniter\View\View->render('products/create', [], true)
 4 APPPATH\Controllers\ProductController.php(28): view('products/create')
 5 SYSTEMPATH\CodeIgniter.php(942): App\Controllers\ProductController->create()
 6 SYSTEMPATH\CodeIgniter.php(502): CodeIgniter\CodeIgniter->runController(Object(App\Controllers\ProductController))
 7 SYSTEMPATH\CodeIgniter.php(361): CodeIgniter\CodeIgniter->handleRequest(null, Object(Config\Cache), false)
 8 FCPATH\index.php(79): CodeIgniter\CodeIgniter->run()
 9 SYSTEMPATH\Commands\Server\rewrite.php(47): require_once('C:\\xampp\\htdocs\\wdpf55_codignator\\codeigniter4-one\\public\\index.php')
CRITICAL - 2023-12-03 07:02:23 --> Call to undefined function set_value()
in APPPATH\Views\products\create.php on line 63.
 1 SYSTEMPATH\View\View.php(228): include()
 2 SYSTEMPATH\View\View.php(231): CodeIgniter\View\View->CodeIgniter\View\{closure}()
 3 SYSTEMPATH\Common.php(1190): CodeIgniter\View\View->render('products/create', [], true)
 4 APPPATH\Controllers\ProductController.php(28): view('products/create')
 5 SYSTEMPATH\CodeIgniter.php(942): App\Controllers\ProductController->create()
 6 SYSTEMPATH\CodeIgniter.php(502): CodeIgniter\CodeIgniter->runController(Object(App\Controllers\ProductController))
 7 SYSTEMPATH\CodeIgniter.php(361): CodeIgniter\CodeIgniter->handleRequest(null, Object(Config\Cache), false)
 8 FCPATH\index.php(79): CodeIgniter\CodeIgniter->run()
 9 SYSTEMPATH\Commands\Server\rewrite.php(47): require_once('C:\\xampp\\htdocs\\wdpf55_codignator\\codeigniter4-one\\public\\index.php')
CRITICAL - 2023-12-03 07:02:24 --> Call to undefined function set_value()
in APPPATH\Views\products\create.php on line 63.
 1 SYSTEMPATH\View\View.php(228): include()
 2 SYSTEMPATH\View\View.php(231): CodeIgniter\View\View->CodeIgniter\View\{closure}()
 3 SYSTEMPATH\Common.php(1190): CodeIgniter\View\View->render('products/create', [], true)
 4 APPPATH\Controllers\ProductController.php(28): view('products/create')
 5 SYSTEMPATH\CodeIgniter.php(942): App\Controllers\ProductController->create()
 6 SYSTEMPATH\CodeIgniter.php(502): CodeIgniter\CodeIgniter->runController(Object(App\Controllers\ProductController))
 7 SYSTEMPATH\CodeIgniter.php(361): CodeIgniter\CodeIgniter->handleRequest(null, Object(Config\Cache), false)
 8 FCPATH\index.php(79): CodeIgniter\CodeIgniter->run()
 9 SYSTEMPATH\Commands\Server\rewrite.php(47): require_once('C:\\xampp\\htdocs\\wdpf55_codignator\\codeigniter4-one\\public\\index.php')
CRITICAL - 2023-12-03 07:02:24 --> Call to undefined function set_value()
in APPPATH\Views\products\create.php on line 63.
 1 SYSTEMPATH\View\View.php(228): include()
 2 SYSTEMPATH\View\View.php(231): CodeIgniter\View\View->CodeIgniter\View\{closure}()
 3 SYSTEMPATH\Common.php(1190): CodeIgniter\View\View->render('products/create', [], true)
 4 APPPATH\Controllers\ProductController.php(28): view('products/create')
 5 SYSTEMPATH\CodeIgniter.php(942): App\Controllers\ProductController->create()
 6 SYSTEMPATH\CodeIgniter.php(502): CodeIgniter\CodeIgniter->runController(Object(App\Controllers\ProductController))
 7 SYSTEMPATH\CodeIgniter.php(361): CodeIgniter\CodeIgniter->handleRequest(null, Object(Config\Cache), false)
 8 FCPATH\index.php(79): CodeIgniter\CodeIgniter->run()
 9 SYSTEMPATH\Commands\Server\rewrite.php(47): require_once('C:\\xampp\\htdocs\\wdpf55_codignator\\codeigniter4-one\\public\\index.php')
CRITICAL - 2023-12-03 07:02:24 --> Call to undefined function set_value()
in APPPATH\Views\products\create.php on line 63.
 1 SYSTEMPATH\View\View.php(228): include()
 2 SYSTEMPATH\View\View.php(231): CodeIgniter\View\View->CodeIgniter\View\{closure}()
 3 SYSTEMPATH\Common.php(1190): CodeIgniter\View\View->render('products/create', [], true)
 4 APPPATH\Controllers\ProductController.php(28): view('products/create')
 5 SYSTEMPATH\CodeIgniter.php(942): App\Controllers\ProductController->create()
 6 SYSTEMPATH\CodeIgniter.php(502): CodeIgniter\CodeIgniter->runController(Object(App\Controllers\ProductController))
 7 SYSTEMPATH\CodeIgniter.php(361): CodeIgniter\CodeIgniter->handleRequest(null, Object(Config\Cache), false)
 8 FCPATH\index.php(79): CodeIgniter\CodeIgniter->run()
 9 SYSTEMPATH\Commands\Server\rewrite.php(47): require_once('C:\\xampp\\htdocs\\wdpf55_codignator\\codeigniter4-one\\public\\index.php')
CRITICAL - 2023-12-03 07:02:24 --> Call to undefined function set_value()
in APPPATH\Views\products\create.php on line 63.
 1 SYSTEMPATH\View\View.php(228): include()
 2 SYSTEMPATH\View\View.php(231): CodeIgniter\View\View->CodeIgniter\View\{closure}()
 3 SYSTEMPATH\Common.php(1190): CodeIgniter\View\View->render('products/create', [], true)
 4 APPPATH\Controllers\ProductController.php(28): view('products/create')
 5 SYSTEMPATH\CodeIgniter.php(942): App\Controllers\ProductController->create()
 6 SYSTEMPATH\CodeIgniter.php(502): CodeIgniter\CodeIgniter->runController(Object(App\Controllers\ProductController))
 7 SYSTEMPATH\CodeIgniter.php(361): CodeIgniter\CodeIgniter->handleRequest(null, Object(Config\Cache), false)
 8 FCPATH\index.php(79): CodeIgniter\CodeIgniter->run()
 9 SYSTEMPATH\Commands\Server\rewrite.php(47): require_once('C:\\xampp\\htdocs\\wdpf55_codignator\\codeigniter4-one\\public\\index.php')
CRITICAL - 2023-12-03 07:02:25 --> Call to undefined function set_value()
in APPPATH\Views\products\create.php on line 63.
 1 SYSTEMPATH\View\View.php(228): include()
 2 SYSTEMPATH\View\View.php(231): CodeIgniter\View\View->CodeIgniter\View\{closure}()
 3 SYSTEMPATH\Common.php(1190): CodeIgniter\View\View->render('products/create', [], true)
 4 APPPATH\Controllers\ProductController.php(28): view('products/create')
 5 SYSTEMPATH\CodeIgniter.php(942): App\Controllers\ProductController->create()
 6 SYSTEMPATH\CodeIgniter.php(502): CodeIgniter\CodeIgniter->runController(Object(App\Controllers\ProductController))
 7 SYSTEMPATH\CodeIgniter.php(361): CodeIgniter\CodeIgniter->handleRequest(null, Object(Config\Cache), false)
 8 FCPATH\index.php(79): CodeIgniter\CodeIgniter->run()
 9 SYSTEMPATH\Commands\Server\rewrite.php(47): require_once('C:\\xampp\\htdocs\\wdpf55_codignator\\codeigniter4-one\\public\\index.php')
CRITICAL - 2023-12-03 07:02:25 --> Call to undefined function set_value()
in APPPATH\Views\products\create.php on line 63.
 1 SYSTEMPATH\View\View.php(228): include()
 2 SYSTEMPATH\View\View.php(231): CodeIgniter\View\View->CodeIgniter\View\{closure}()
 3 SYSTEMPATH\Common.php(1190): CodeIgniter\View\View->render('products/create', [], true)
 4 APPPATH\Controllers\ProductController.php(28): view('products/create')
 5 SYSTEMPATH\CodeIgniter.php(942): App\Controllers\ProductController->create()
 6 SYSTEMPATH\CodeIgniter.php(502): CodeIgniter\CodeIgniter->runController(Object(App\Controllers\ProductController))
 7 SYSTEMPATH\CodeIgniter.php(361): CodeIgniter\CodeIgniter->handleRequest(null, Object(Config\Cache), false)
 8 FCPATH\index.php(79): CodeIgniter\CodeIgniter->run()
 9 SYSTEMPATH\Commands\Server\rewrite.php(47): require_once('C:\\xampp\\htdocs\\wdpf55_codignator\\codeigniter4-one\\public\\index.php')
CRITICAL - 2023-12-03 07:02:25 --> Call to undefined function set_value()
in APPPATH\Views\products\create.php on line 63.
 1 SYSTEMPATH\View\View.php(228): include()
 2 SYSTEMPATH\View\View.php(231): CodeIgniter\View\View->CodeIgniter\View\{closure}()
 3 SYSTEMPATH\Common.php(1190): CodeIgniter\View\View->render('products/create', [], true)
 4 APPPATH\Controllers\ProductController.php(28): view('products/create')
 5 SYSTEMPATH\CodeIgniter.php(942): App\Controllers\ProductController->create()
 6 SYSTEMPATH\CodeIgniter.php(502): CodeIgniter\CodeIgniter->runController(Object(App\Controllers\ProductController))
 7 SYSTEMPATH\CodeIgniter.php(361): CodeIgniter\CodeIgniter->handleRequest(null, Object(Config\Cache), false)
 8 FCPATH\index.php(79): CodeIgniter\CodeIgniter->run()
 9 SYSTEMPATH\Commands\Server\rewrite.php(47): require_once('C:\\xampp\\htdocs\\wdpf55_codignator\\codeigniter4-one\\public\\index.php')
CRITICAL - 2023-12-03 07:02:25 --> Call to undefined function set_value()
in APPPATH\Views\products\create.php on line 63.
 1 SYSTEMPATH\View\View.php(228): include()
 2 SYSTEMPATH\View\View.php(231): CodeIgniter\View\View->CodeIgniter\View\{closure}()
 3 SYSTEMPATH\Common.php(1190): CodeIgniter\View\View->render('products/create', [], true)
 4 APPPATH\Controllers\ProductController.php(28): view('products/create')
 5 SYSTEMPATH\CodeIgniter.php(942): App\Controllers\ProductController->create()
 6 SYSTEMPATH\CodeIgniter.php(502): CodeIgniter\CodeIgniter->runController(Object(App\Controllers\ProductController))
 7 SYSTEMPATH\CodeIgniter.php(361): CodeIgniter\CodeIgniter->handleRequest(null, Object(Config\Cache), false)
 8 FCPATH\index.php(79): CodeIgniter\CodeIgniter->run()
 9 SYSTEMPATH\Commands\Server\rewrite.php(47): require_once('C:\\xampp\\htdocs\\wdpf55_codignator\\codeigniter4-one\\public\\index.php')
CRITICAL - 2023-12-03 07:02:27 --> Call to undefined function set_value()
in APPPATH\Views\products\create.php on line 63.
 1 SYSTEMPATH\View\View.php(228): include()
 2 SYSTEMPATH\View\View.php(231): CodeIgniter\View\View->CodeIgniter\View\{closure}()
 3 SYSTEMPATH\Common.php(1190): CodeIgniter\View\View->render('products/create', [], true)
 4 APPPATH\Controllers\ProductController.php(28): view('products/create')
 5 SYSTEMPATH\CodeIgniter.php(942): App\Controllers\ProductController->create()
 6 SYSTEMPATH\CodeIgniter.php(502): CodeIgniter\CodeIgniter->runController(Object(App\Controllers\ProductController))
 7 SYSTEMPATH\CodeIgniter.php(361): CodeIgniter\CodeIgniter->handleRequest(null, Object(Config\Cache), false)
 8 FCPATH\index.php(79): CodeIgniter\CodeIgniter->run()
 9 SYSTEMPATH\Commands\Server\rewrite.php(47): require_once('C:\\xampp\\htdocs\\wdpf55_codignator\\codeigniter4-one\\public\\index.php')
CRITICAL - 2023-12-03 07:02:27 --> Call to undefined function set_value()
in APPPATH\Views\products\create.php on line 63.
 1 SYSTEMPATH\View\View.php(228): include()
 2 SYSTEMPATH\View\View.php(231): CodeIgniter\View\View->CodeIgniter\View\{closure}()
 3 SYSTEMPATH\Common.php(1190): CodeIgniter\View\View->render('products/create', [], true)
 4 APPPATH\Controllers\ProductController.php(28): view('products/create')
 5 SYSTEMPATH\CodeIgniter.php(942): App\Controllers\ProductController->create()
 6 SYSTEMPATH\CodeIgniter.php(502): CodeIgniter\CodeIgniter->runController(Object(App\Controllers\ProductController))
 7 SYSTEMPATH\CodeIgniter.php(361): CodeIgniter\CodeIgniter->handleRequest(null, Object(Config\Cache), false)
 8 FCPATH\index.php(79): CodeIgniter\CodeIgniter->run()
 9 SYSTEMPATH\Commands\Server\rewrite.php(47): require_once('C:\\xampp\\htdocs\\wdpf55_codignator\\codeigniter4-one\\public\\index.php')
CRITICAL - 2023-12-03 07:02:51 --> Call to undefined function set_value()
in APPPATH\Views\products\create.php on line 63.
 1 SYSTEMPATH\View\View.php(228): include()
 2 SYSTEMPATH\View\View.php(231): CodeIgniter\View\View->CodeIgniter\View\{closure}()
 3 SYSTEMPATH\Common.php(1190): CodeIgniter\View\View->render('products/create', [], true)
 4 APPPATH\Controllers\ProductController.php(28): view('products/create')
 5 SYSTEMPATH\CodeIgniter.php(942): App\Controllers\ProductController->create()
 6 SYSTEMPATH\CodeIgniter.php(502): CodeIgniter\CodeIgniter->runController(Object(App\Controllers\ProductController))
 7 SYSTEMPATH\CodeIgniter.php(361): CodeIgniter\CodeIgniter->handleRequest(null, Object(Config\Cache), false)
 8 FCPATH\index.php(79): CodeIgniter\CodeIgniter->run()
 9 SYSTEMPATH\Commands\Server\rewrite.php(47): require_once('C:\\xampp\\htdocs\\wdpf55_codignator\\codeigniter4-one\\public\\index.php')
CRITICAL - 2023-12-03 07:04:12 --> Call to undefined function set_value()
in APPPATH\Views\products\create.php on line 63.
 1 SYSTEMPATH\View\View.php(228): include()
 2 SYSTEMPATH\View\View.php(231): CodeIgniter\View\View->CodeIgniter\View\{closure}()
 3 SYSTEMPATH\Common.php(1190): CodeIgniter\View\View->render('products/create', [], true)
 4 APPPATH\Controllers\ProductController.php(28): view('products/create')
 5 SYSTEMPATH\CodeIgniter.php(942): App\Controllers\ProductController->create()
 6 SYSTEMPATH\CodeIgniter.php(502): CodeIgniter\CodeIgniter->runController(Object(App\Controllers\ProductController))
 7 SYSTEMPATH\CodeIgniter.php(361): CodeIgniter\CodeIgniter->handleRequest(null, Object(Config\Cache), false)
 8 FCPATH\index.php(79): CodeIgniter\CodeIgniter->run()
 9 SYSTEMPATH\Commands\Server\rewrite.php(47): require_once('C:\\xampp\\htdocs\\wdpf55_codignator\\codeigniter4-one\\public\\index.php')
CRITICAL - 2023-12-03 07:04:15 --> Call to undefined function set_value()
in APPPATH\Views\products\create.php on line 63.
 1 SYSTEMPATH\View\View.php(228): include()
 2 SYSTEMPATH\View\View.php(231): CodeIgniter\View\View->CodeIgniter\View\{closure}()
 3 SYSTEMPATH\Common.php(1190): CodeIgniter\View\View->render('products/create', [], true)
 4 APPPATH\Controllers\ProductController.php(28): view('products/create')
 5 SYSTEMPATH\CodeIgniter.php(942): App\Controllers\ProductController->create()
 6 SYSTEMPATH\CodeIgniter.php(502): CodeIgniter\CodeIgniter->runController(Object(App\Controllers\ProductController))
 7 SYSTEMPATH\CodeIgniter.php(361): CodeIgniter\CodeIgniter->handleRequest(null, Object(Config\Cache), false)
 8 FCPATH\index.php(79): CodeIgniter\CodeIgniter->run()
 9 SYSTEMPATH\Commands\Server\rewrite.php(47): require_once('C:\\xampp\\htdocs\\wdpf55_codignator\\codeigniter4-one\\public\\index.php')
CRITICAL - 2023-12-03 07:04:16 --> Call to undefined function set_value()
in APPPATH\Views\products\create.php on line 63.
 1 SYSTEMPATH\View\View.php(228): include()
 2 SYSTEMPATH\View\View.php(231): CodeIgniter\View\View->CodeIgniter\View\{closure}()
 3 SYSTEMPATH\Common.php(1190): CodeIgniter\View\View->render('products/create', [], true)
 4 APPPATH\Controllers\ProductController.php(28): view('products/create')
 5 SYSTEMPATH\CodeIgniter.php(942): App\Controllers\ProductController->create()
 6 SYSTEMPATH\CodeIgniter.php(502): CodeIgniter\CodeIgniter->runController(Object(App\Controllers\ProductController))
 7 SYSTEMPATH\CodeIgniter.php(361): CodeIgniter\CodeIgniter->handleRequest(null, Object(Config\Cache), false)
 8 FCPATH\index.php(79): CodeIgniter\CodeIgniter->run()
 9 SYSTEMPATH\Commands\Server\rewrite.php(47): require_once('C:\\xampp\\htdocs\\wdpf55_codignator\\codeigniter4-one\\public\\index.php')
CRITICAL - 2023-12-03 07:04:28 --> Call to undefined function set_value()
in APPPATH\Views\products\create.php on line 63.
 1 SYSTEMPATH\View\View.php(228): include()
 2 SYSTEMPATH\View\View.php(231): CodeIgniter\View\View->CodeIgniter\View\{closure}()
 3 SYSTEMPATH\Common.php(1190): CodeIgniter\View\View->render('products/create', [], true)
 4 APPPATH\Controllers\ProductController.php(28): view('products/create')
 5 SYSTEMPATH\CodeIgniter.php(942): App\Controllers\ProductController->create()
 6 SYSTEMPATH\CodeIgniter.php(502): CodeIgniter\CodeIgniter->runController(Object(App\Controllers\ProductController))
 7 SYSTEMPATH\CodeIgniter.php(361): CodeIgniter\CodeIgniter->handleRequest(null, Object(Config\Cache), false)
 8 FCPATH\index.php(79): CodeIgniter\CodeIgniter->run()
 9 SYSTEMPATH\Commands\Server\rewrite.php(47): require_once('C:\\xampp\\htdocs\\wdpf55_codignator\\codeigniter4-one\\public\\index.php')
CRITICAL - 2023-12-03 07:04:28 --> Call to undefined function set_value()
in APPPATH\Views\products\create.php on line 63.
 1 SYSTEMPATH\View\View.php(228): include()
 2 SYSTEMPATH\View\View.php(231): CodeIgniter\View\View->CodeIgniter\View\{closure}()
 3 SYSTEMPATH\Common.php(1190): CodeIgniter\View\View->render('products/create', [], true)
 4 APPPATH\Controllers\ProductController.php(28): view('products/create')
 5 SYSTEMPATH\CodeIgniter.php(942): App\Controllers\ProductController->create()
 6 SYSTEMPATH\CodeIgniter.php(502): CodeIgniter\CodeIgniter->runController(Object(App\Controllers\ProductController))
 7 SYSTEMPATH\CodeIgniter.php(361): CodeIgniter\CodeIgniter->handleRequest(null, Object(Config\Cache), false)
 8 FCPATH\index.php(79): CodeIgniter\CodeIgniter->run()
 9 SYSTEMPATH\Commands\Server\rewrite.php(47): require_once('C:\\xampp\\htdocs\\wdpf55_codignator\\codeigniter4-one\\public\\index.php')
CRITICAL - 2023-12-03 07:04:28 --> Call to undefined function set_value()
in APPPATH\Views\products\create.php on line 63.
 1 SYSTEMPATH\View\View.php(228): include()
 2 SYSTEMPATH\View\View.php(231): CodeIgniter\View\View->CodeIgniter\View\{closure}()
 3 SYSTEMPATH\Common.php(1190): CodeIgniter\View\View->render('products/create', [], true)
 4 APPPATH\Controllers\ProductController.php(28): view('products/create')
 5 SYSTEMPATH\CodeIgniter.php(942): App\Controllers\ProductController->create()
 6 SYSTEMPATH\CodeIgniter.php(502): CodeIgniter\CodeIgniter->runController(Object(App\Controllers\ProductController))
 7 SYSTEMPATH\CodeIgniter.php(361): CodeIgniter\CodeIgniter->handleRequest(null, Object(Config\Cache), false)
 8 FCPATH\index.php(79): CodeIgniter\CodeIgniter->run()
 9 SYSTEMPATH\Commands\Server\rewrite.php(47): require_once('C:\\xampp\\htdocs\\wdpf55_codignator\\codeigniter4-one\\public\\index.php')
CRITICAL - 2023-12-03 07:04:29 --> Call to undefined function set_value()
in APPPATH\Views\products\create.php on line 63.
 1 SYSTEMPATH\View\View.php(228): include()
 2 SYSTEMPATH\View\View.php(231): CodeIgniter\View\View->CodeIgniter\View\{closure}()
 3 SYSTEMPATH\Common.php(1190): CodeIgniter\View\View->render('products/create', [], true)
 4 APPPATH\Controllers\ProductController.php(28): view('products/create')
 5 SYSTEMPATH\CodeIgniter.php(942): App\Controllers\ProductController->create()
 6 SYSTEMPATH\CodeIgniter.php(502): CodeIgniter\CodeIgniter->runController(Object(App\Controllers\ProductController))
 7 SYSTEMPATH\CodeIgniter.php(361): CodeIgniter\CodeIgniter->handleRequest(null, Object(Config\Cache), false)
 8 FCPATH\index.php(79): CodeIgniter\CodeIgniter->run()
 9 SYSTEMPATH\Commands\Server\rewrite.php(47): require_once('C:\\xampp\\htdocs\\wdpf55_codignator\\codeigniter4-one\\public\\index.php')
CRITICAL - 2023-12-03 07:04:41 --> Call to undefined function set_value()
in APPPATH\Views\products\create.php on line 63.
 1 SYSTEMPATH\View\View.php(228): include()
 2 SYSTEMPATH\View\View.php(231): CodeIgniter\View\View->CodeIgniter\View\{closure}()
 3 SYSTEMPATH\Common.php(1190): CodeIgniter\View\View->render('products/create', [], true)
 4 APPPATH\Controllers\ProductController.php(28): view('products/create')
 5 SYSTEMPATH\CodeIgniter.php(942): App\Controllers\ProductController->create()
 6 SYSTEMPATH\CodeIgniter.php(502): CodeIgniter\CodeIgniter->runController(Object(App\Controllers\ProductController))
 7 SYSTEMPATH\CodeIgniter.php(361): CodeIgniter\CodeIgniter->handleRequest(null, Object(Config\Cache), false)
 8 FCPATH\index.php(79): CodeIgniter\CodeIgniter->run()
 9 SYSTEMPATH\Commands\Server\rewrite.php(47): require_once('C:\\xampp\\htdocs\\wdpf55_codignator\\codeigniter4-one\\public\\index.php')
CRITICAL - 2023-12-03 07:05:03 --> Call to undefined function set_value()
in APPPATH\Views\products\create.php on line 63.
 1 SYSTEMPATH\View\View.php(228): include()
 2 SYSTEMPATH\View\View.php(231): CodeIgniter\View\View->CodeIgniter\View\{closure}()
 3 SYSTEMPATH\Common.php(1190): CodeIgniter\View\View->render('products/create', [], true)
 4 APPPATH\Controllers\ProductController.php(28): view('products/create')
 5 SYSTEMPATH\CodeIgniter.php(942): App\Controllers\ProductController->create()
 6 SYSTEMPATH\CodeIgniter.php(502): CodeIgniter\CodeIgniter->runController(Object(App\Controllers\ProductController))
 7 SYSTEMPATH\CodeIgniter.php(361): CodeIgniter\CodeIgniter->handleRequest(null, Object(Config\Cache), false)
 8 FCPATH\index.php(79): CodeIgniter\CodeIgniter->run()
 9 SYSTEMPATH\Commands\Server\rewrite.php(47): require_once('C:\\xampp\\htdocs\\wdpf55_codignator\\codeigniter4-one\\public\\index.php')
CRITICAL - 2023-12-03 07:05:09 --> Call to undefined function set_value()
in APPPATH\Views\products\create.php on line 63.
 1 SYSTEMPATH\View\View.php(228): include()
 2 SYSTEMPATH\View\View.php(231): CodeIgniter\View\View->CodeIgniter\View\{closure}()
 3 SYSTEMPATH\Common.php(1190): CodeIgniter\View\View->render('products/create', [], true)
 4 APPPATH\Controllers\ProductController.php(28): view('products/create')
 5 SYSTEMPATH\CodeIgniter.php(942): App\Controllers\ProductController->create()
 6 SYSTEMPATH\CodeIgniter.php(502): CodeIgniter\CodeIgniter->runController(Object(App\Controllers\ProductController))
 7 SYSTEMPATH\CodeIgniter.php(361): CodeIgniter\CodeIgniter->handleRequest(null, Object(Config\Cache), false)
 8 FCPATH\index.php(79): CodeIgniter\CodeIgniter->run()
 9 SYSTEMPATH\Commands\Server\rewrite.php(47): require_once('C:\\xampp\\htdocs\\wdpf55_codignator\\codeigniter4-one\\public\\index.php')
CRITICAL - 2023-12-03 07:05:13 --> Call to undefined function set_value()
in APPPATH\Views\products\create.php on line 63.
 1 SYSTEMPATH\View\View.php(228): include()
 2 SYSTEMPATH\View\View.php(231): CodeIgniter\View\View->CodeIgniter\View\{closure}()
 3 SYSTEMPATH\Common.php(1190): CodeIgniter\View\View->render('products/create', [], true)
 4 APPPATH\Controllers\ProductController.php(28): view('products/create')
 5 SYSTEMPATH\CodeIgniter.php(942): App\Controllers\ProductController->create()
 6 SYSTEMPATH\CodeIgniter.php(502): CodeIgniter\CodeIgniter->runController(Object(App\Controllers\ProductController))
 7 SYSTEMPATH\CodeIgniter.php(361): CodeIgniter\CodeIgniter->handleRequest(null, Object(Config\Cache), false)
 8 FCPATH\index.php(79): CodeIgniter\CodeIgniter->run()
 9 SYSTEMPATH\Commands\Server\rewrite.php(47): require_once('C:\\xampp\\htdocs\\wdpf55_codignator\\codeigniter4-one\\public\\index.php')
CRITICAL - 2023-12-03 07:05:13 --> Call to undefined function set_value()
in APPPATH\Views\products\create.php on line 63.
 1 SYSTEMPATH\View\View.php(228): include()
 2 SYSTEMPATH\View\View.php(231): CodeIgniter\View\View->CodeIgniter\View\{closure}()
 3 SYSTEMPATH\Common.php(1190): CodeIgniter\View\View->render('products/create', [], true)
 4 APPPATH\Controllers\ProductController.php(28): view('products/create')
 5 SYSTEMPATH\CodeIgniter.php(942): App\Controllers\ProductController->create()
 6 SYSTEMPATH\CodeIgniter.php(502): CodeIgniter\CodeIgniter->runController(Object(App\Controllers\ProductController))
 7 SYSTEMPATH\CodeIgniter.php(361): CodeIgniter\CodeIgniter->handleRequest(null, Object(Config\Cache), false)
 8 FCPATH\index.php(79): CodeIgniter\CodeIgniter->run()
 9 SYSTEMPATH\Commands\Server\rewrite.php(47): require_once('C:\\xampp\\htdocs\\wdpf55_codignator\\codeigniter4-one\\public\\index.php')
CRITICAL - 2023-12-03 07:07:25 --> Call to undefined function set_value()
in APPPATH\Views\products\create.php on line 63.
 1 SYSTEMPATH\View\View.php(228): include()
 2 SYSTEMPATH\View\View.php(231): CodeIgniter\View\View->CodeIgniter\View\{closure}()
 3 SYSTEMPATH\Common.php(1190): CodeIgniter\View\View->render('products/create', [], true)
 4 APPPATH\Controllers\ProductController.php(28): view('products/create')
 5 SYSTEMPATH\CodeIgniter.php(942): App\Controllers\ProductController->create()
 6 SYSTEMPATH\CodeIgniter.php(502): CodeIgniter\CodeIgniter->runController(Object(App\Controllers\ProductController))
 7 SYSTEMPATH\CodeIgniter.php(361): CodeIgniter\CodeIgniter->handleRequest(null, Object(Config\Cache), false)
 8 FCPATH\index.php(79): CodeIgniter\CodeIgniter->run()
 9 SYSTEMPATH\Commands\Server\rewrite.php(47): require_once('C:\\xampp\\htdocs\\wdpf55_codignator\\codeigniter4-one\\public\\index.php')
CRITICAL - 2023-12-03 07:08:02 --> Call to undefined function set_value()
in APPPATH\Views\products\create.php on line 63.
 1 SYSTEMPATH\View\View.php(228): include()
 2 SYSTEMPATH\View\View.php(231): CodeIgniter\View\View->CodeIgniter\View\{closure}()
 3 SYSTEMPATH\Common.php(1190): CodeIgniter\View\View->render('products/create', [], true)
 4 APPPATH\Controllers\ProductController.php(28): view('products/create')
 5 SYSTEMPATH\CodeIgniter.php(942): App\Controllers\ProductController->create()
 6 SYSTEMPATH\CodeIgniter.php(502): CodeIgniter\CodeIgniter->runController(Object(App\Controllers\ProductController))
 7 SYSTEMPATH\CodeIgniter.php(361): CodeIgniter\CodeIgniter->handleRequest(null, Object(Config\Cache), false)
 8 FCPATH\index.php(79): CodeIgniter\CodeIgniter->run()
 9 SYSTEMPATH\Commands\Server\rewrite.php(47): require_once('C:\\xampp\\htdocs\\wdpf55_codignator\\codeigniter4-one\\public\\index.php')
CRITICAL - 2023-12-03 07:08:30 --> Call to undefined function set_value()
in APPPATH\Views\products\create.php on line 63.
 1 SYSTEMPATH\View\View.php(228): include()
 2 SYSTEMPATH\View\View.php(231): CodeIgniter\View\View->CodeIgniter\View\{closure}()
 3 SYSTEMPATH\Common.php(1190): CodeIgniter\View\View->render('products/create', [], true)
 4 APPPATH\Controllers\ProductController.php(28): view('products/create')
 5 SYSTEMPATH\CodeIgniter.php(942): App\Controllers\ProductController->create()
 6 SYSTEMPATH\CodeIgniter.php(502): CodeIgniter\CodeIgniter->runController(Object(App\Controllers\ProductController))
 7 SYSTEMPATH\CodeIgniter.php(361): CodeIgniter\CodeIgniter->handleRequest(null, Object(Config\Cache), false)
 8 FCPATH\index.php(79): CodeIgniter\CodeIgniter->run()
 9 SYSTEMPATH\Commands\Server\rewrite.php(47): require_once('C:\\xampp\\htdocs\\wdpf55_codignator\\codeigniter4-one\\public\\index.php')
CRITICAL - 2023-12-03 07:08:33 --> Call to undefined function set_value()
in APPPATH\Views\products\create.php on line 63.
 1 SYSTEMPATH\View\View.php(228): include()
 2 SYSTEMPATH\View\View.php(231): CodeIgniter\View\View->CodeIgniter\View\{closure}()
 3 SYSTEMPATH\Common.php(1190): CodeIgniter\View\View->render('products/create', [], true)
 4 APPPATH\Controllers\ProductController.php(28): view('products/create')
 5 SYSTEMPATH\CodeIgniter.php(942): App\Controllers\ProductController->create()
 6 SYSTEMPATH\CodeIgniter.php(502): CodeIgniter\CodeIgniter->runController(Object(App\Controllers\ProductController))
 7 SYSTEMPATH\CodeIgniter.php(361): CodeIgniter\CodeIgniter->handleRequest(null, Object(Config\Cache), false)
 8 FCPATH\index.php(79): CodeIgniter\CodeIgniter->run()
 9 SYSTEMPATH\Commands\Server\rewrite.php(47): require_once('C:\\xampp\\htdocs\\wdpf55_codignator\\codeigniter4-one\\public\\index.php')
